<?xml version="1.0" encoding="UTF-8"?>
<robot generator="Robot 6.1 (Python 3.10.12 on linux)" generated="20241217 16:39:03.216" rpa="false" schemaversion="4">
<suite id="s1" name="Tests" source="/home/rabik/Desktop/Robot Testing/tests">
<suite id="s1-s1" name="Testdemo2" source="/home/rabik/Desktop/Robot Testing/tests/testdemo2.robot">
<test id="s1-s1-t1" name="Validate Unsuccessful Login" line="14">
<kw name="Open the browser with url" library="resource" type="SETUP">
<kw name="Create Webdriver" library="SeleniumLibrary">
<arg>Chrome</arg>
<doc>Creates an instance of Selenium WebDriver.</doc>
<msg timestamp="20241217 16:39:03.350" level="INFO">Creating an instance of the Chrome WebDriver.</msg>
<status status="PASS" starttime="20241217 16:39:03.350" endtime="20241217 16:39:04.794"/>
</kw>
<kw name="Maximize Browser Window" library="SeleniumLibrary">
<doc>Maximizes current browser window.</doc>
<status status="PASS" starttime="20241217 16:39:04.795" endtime="20241217 16:39:04.816"/>
</kw>
<kw name="Go To" library="SeleniumLibrary">
<arg>${url}</arg>
<doc>Navigates the current browser window to the provided ``url``.</doc>
<msg timestamp="20241217 16:39:04.817" level="INFO">Opening url 'https://rahulshettyacademy.com/loginpagePractise/'</msg>
<status status="PASS" starttime="20241217 16:39:04.817" endtime="20241217 16:39:05.288"/>
</kw>
<status status="PASS" starttime="20241217 16:39:03.349" endtime="20241217 16:39:05.289"/>
</kw>
<kw name="Fill the login form">
<arg>${user_name}</arg>
<arg>${invalid_password}</arg>
<kw name="Input Text" library="SeleniumLibrary">
<arg>id:username</arg>
<arg>${username}</arg>
<doc>Types the given ``text`` into the text field identified by ``locator``.</doc>
<msg timestamp="20241217 16:39:05.294" level="INFO">Typing text 'rahulshettyacademy' into text field 'id:username'.</msg>
<status status="PASS" starttime="20241217 16:39:05.292" endtime="20241217 16:39:05.447"/>
</kw>
<kw name="Input Password" library="SeleniumLibrary">
<arg>id:password</arg>
<arg>${password}</arg>
<doc>Types the given password into the text field identified by ``locator``.</doc>
<msg timestamp="20241217 16:39:05.450" level="INFO">Typing password into text field 'id:password'.</msg>
<msg timestamp="20241217 16:39:05.584" level="INFO">Temporally setting log level to: NONE</msg>
<msg timestamp="20241217 16:39:05.654" level="INFO">Log level changed from NONE to INFO.</msg>
<status status="PASS" starttime="20241217 16:39:05.448" endtime="20241217 16:39:05.654"/>
</kw>
<kw name="Click Button" library="SeleniumLibrary">
<arg>signInBtn</arg>
<doc>Clicks the button identified by ``locator``.</doc>
<msg timestamp="20241217 16:39:05.656" level="INFO">Clicking button 'signInBtn'.</msg>
<status status="PASS" starttime="20241217 16:39:05.655" endtime="20241217 16:39:05.762"/>
</kw>
<status status="PASS" starttime="20241217 16:39:05.290" endtime="20241217 16:39:05.763"/>
</kw>
<kw name="Wait Until Element Is Visible" library="SeleniumLibrary">
<arg>${Error_message_login}</arg>
<doc>Waits until the element ``locator`` is visible.</doc>
<status status="PASS" starttime="20241217 16:39:05.763" endtime="20241217 16:39:07.754"/>
</kw>
<kw name="verify error message is correct">
<kw name="Get Text" library="SeleniumLibrary">
<var>${result}</var>
<arg>${Error_message_login}</arg>
<doc>Returns the text value of the element identified by ``locator``.</doc>
<msg timestamp="20241217 16:39:07.772" level="INFO">${result} = Incorrect username/password.</msg>
<status status="PASS" starttime="20241217 16:39:07.754" endtime="20241217 16:39:07.772"/>
</kw>
<kw name="Should Be Equal As Strings" library="BuiltIn">
<arg>${result}</arg>
<arg>Incorrect username/password.</arg>
<doc>Fails if objects are unequal after converting them to strings.</doc>
<status status="PASS" starttime="20241217 16:39:07.773" endtime="20241217 16:39:07.773"/>
</kw>
<status status="PASS" starttime="20241217 16:39:07.754" endtime="20241217 16:39:07.773"/>
</kw>
<kw name="Close Browser Session" library="resource" type="TEARDOWN">
<kw name="Close Browser" library="SeleniumLibrary">
<doc>Closes the current browser.</doc>
<status status="PASS" starttime="20241217 16:39:07.774" endtime="20241217 16:39:07.832"/>
</kw>
<status status="PASS" starttime="20241217 16:39:07.774" endtime="20241217 16:39:07.832"/>
</kw>
<tag>SMOKE</tag>
<status status="PASS" starttime="20241217 16:39:03.349" endtime="20241217 16:39:07.832"/>
</test>
<test id="s1-s1-t2" name="Validate Cards display in the Shopping page" line="20">
<kw name="Open the browser with url" library="resource" type="SETUP">
<kw name="Create Webdriver" library="SeleniumLibrary">
<arg>Chrome</arg>
<doc>Creates an instance of Selenium WebDriver.</doc>
<msg timestamp="20241217 16:39:07.834" level="INFO">Creating an instance of the Chrome WebDriver.</msg>
<status status="PASS" starttime="20241217 16:39:07.833" endtime="20241217 16:39:08.347"/>
</kw>
<kw name="Maximize Browser Window" library="SeleniumLibrary">
<doc>Maximizes current browser window.</doc>
<status status="PASS" starttime="20241217 16:39:08.348" endtime="20241217 16:39:08.383"/>
</kw>
<kw name="Go To" library="SeleniumLibrary">
<arg>${url}</arg>
<doc>Navigates the current browser window to the provided ``url``.</doc>
<msg timestamp="20241217 16:39:08.385" level="INFO">Opening url 'https://rahulshettyacademy.com/loginpagePractise/'</msg>
<status status="PASS" starttime="20241217 16:39:08.384" endtime="20241217 16:39:08.743"/>
</kw>
<status status="PASS" starttime="20241217 16:39:07.833" endtime="20241217 16:39:08.744"/>
</kw>
<kw name="Fill the login form">
<arg>${user_name}</arg>
<arg>${valid_password}</arg>
<kw name="Input Text" library="SeleniumLibrary">
<arg>id:username</arg>
<arg>${username}</arg>
<doc>Types the given ``text`` into the text field identified by ``locator``.</doc>
<msg timestamp="20241217 16:39:08.747" level="INFO">Typing text 'rahulshettyacademy' into text field 'id:username'.</msg>
<status status="PASS" starttime="20241217 16:39:08.746" endtime="20241217 16:39:08.887"/>
</kw>
<kw name="Input Password" library="SeleniumLibrary">
<arg>id:password</arg>
<arg>${password}</arg>
<doc>Types the given password into the text field identified by ``locator``.</doc>
<msg timestamp="20241217 16:39:08.890" level="INFO">Typing password into text field 'id:password'.</msg>
<msg timestamp="20241217 16:39:08.967" level="INFO">Temporally setting log level to: NONE</msg>
<msg timestamp="20241217 16:39:09.046" level="INFO">Log level changed from NONE to INFO.</msg>
<status status="PASS" starttime="20241217 16:39:08.888" endtime="20241217 16:39:09.047"/>
</kw>
<kw name="Click Button" library="SeleniumLibrary">
<arg>signInBtn</arg>
<doc>Clicks the button identified by ``locator``.</doc>
<msg timestamp="20241217 16:39:09.049" level="INFO">Clicking button 'signInBtn'.</msg>
<status status="PASS" starttime="20241217 16:39:09.048" endtime="20241217 16:39:09.152"/>
</kw>
<status status="PASS" starttime="20241217 16:39:08.744" endtime="20241217 16:39:09.154"/>
</kw>
<kw name="Wait Until Element Is Seen">
<arg>${Shop_page_load}</arg>
<kw name="Wait Until Element Is Visible" library="SeleniumLibrary">
<arg>${element}</arg>
<doc>Waits until the element ``locator`` is visible.</doc>
<status status="PASS" starttime="20241217 16:39:09.156" endtime="20241217 16:39:11.875"/>
</kw>
<status status="PASS" starttime="20241217 16:39:09.154" endtime="20241217 16:39:11.878"/>
</kw>
<kw name="Verify Card titles in the Shop page">
<kw name="Create List" library="BuiltIn">
<var>@{expectedList}</var>
<arg>iphone X</arg>
<arg>Samsung Note 8</arg>
<arg>Nokia Edge</arg>
<arg>Blackberry</arg>
<doc>Returns a list containing given items.</doc>
<msg timestamp="20241217 16:39:11.890" level="INFO">@{expectedList} = [ iphone X | Samsung Note 8 | Nokia Edge | Blackberry ]</msg>
<status status="PASS" starttime="20241217 16:39:11.886" endtime="20241217 16:39:11.890"/>
</kw>
<kw name="Create List" library="BuiltIn">
<var>@{actualList}</var>
<doc>Returns a list containing given items.</doc>
<msg timestamp="20241217 16:39:11.895" level="INFO">@{actualList} = [ ]</msg>
<status status="PASS" starttime="20241217 16:39:11.892" endtime="20241217 16:39:11.896"/>
</kw>
<kw name="Get WebElements" library="SeleniumLibrary">
<var>${elements}</var>
<arg>css:.card-title</arg>
<doc>Returns a list of WebElement objects matching the ``locator``.</doc>
<msg timestamp="20241217 16:39:11.917" level="INFO">${elements} = [&lt;selenium.webdriver.remote.webelement.WebElement (session="3ddcb58296328d07c870a6d9a66b578c", element="f.CD52A991C3CFF7530ACD7F859D0B1207.d.A75ED3F202100020DB4F58260E010E62.e.74")&gt;, &lt;selenium.webdriv...</msg>
<status status="PASS" starttime="20241217 16:39:11.900" endtime="20241217 16:39:11.917"/>
</kw>
<for flavor="IN">
<var>${element}</var>
<value>@{elements}</value>
<iter>
<var name="${element}">&lt;selenium.webdriver.remote.webelement.WebElement (session="3ddcb58296328d07c870a6d9a66b578c", element="f.CD52A991C3CFF7530ACD7F859D0B1207.d.A75ED3F202100020DB4F58260E010E62.e.74")&gt;</var>
<kw name="Log" library="BuiltIn">
<arg>${element.text}</arg>
<doc>Logs the given message with the given level.</doc>
<msg timestamp="20241217 16:39:11.937" level="INFO">iphone X</msg>
<status status="PASS" starttime="20241217 16:39:11.918" endtime="20241217 16:39:11.937"/>
</kw>
<kw name="Append To List" library="Collections">
<arg>${actualList}</arg>
<arg>${element.text}</arg>
<doc>Adds ``values`` to the end of ``list``.</doc>
<status status="PASS" starttime="20241217 16:39:11.937" endtime="20241217 16:39:11.948"/>
</kw>
<status status="PASS" starttime="20241217 16:39:11.918" endtime="20241217 16:39:11.948"/>
</iter>
<iter>
<var name="${element}">&lt;selenium.webdriver.remote.webelement.WebElement (session="3ddcb58296328d07c870a6d9a66b578c", element="f.CD52A991C3CFF7530ACD7F859D0B1207.d.A75ED3F202100020DB4F58260E010E62.e.75")&gt;</var>
<kw name="Log" library="BuiltIn">
<arg>${element.text}</arg>
<doc>Logs the given message with the given level.</doc>
<msg timestamp="20241217 16:39:11.960" level="INFO">Samsung Note 8</msg>
<status status="PASS" starttime="20241217 16:39:11.948" endtime="20241217 16:39:11.960"/>
</kw>
<kw name="Append To List" library="Collections">
<arg>${actualList}</arg>
<arg>${element.text}</arg>
<doc>Adds ``values`` to the end of ``list``.</doc>
<status status="PASS" starttime="20241217 16:39:11.960" endtime="20241217 16:39:11.973"/>
</kw>
<status status="PASS" starttime="20241217 16:39:11.948" endtime="20241217 16:39:11.973"/>
</iter>
<iter>
<var name="${element}">&lt;selenium.webdriver.remote.webelement.WebElement (session="3ddcb58296328d07c870a6d9a66b578c", element="f.CD52A991C3CFF7530ACD7F859D0B1207.d.A75ED3F202100020DB4F58260E010E62.e.76")&gt;</var>
<kw name="Log" library="BuiltIn">
<arg>${element.text}</arg>
<doc>Logs the given message with the given level.</doc>
<msg timestamp="20241217 16:39:11.983" level="INFO">Nokia Edge</msg>
<status status="PASS" starttime="20241217 16:39:11.974" endtime="20241217 16:39:11.983"/>
</kw>
<kw name="Append To List" library="Collections">
<arg>${actualList}</arg>
<arg>${element.text}</arg>
<doc>Adds ``values`` to the end of ``list``.</doc>
<status status="PASS" starttime="20241217 16:39:11.984" endtime="20241217 16:39:11.994"/>
</kw>
<status status="PASS" starttime="20241217 16:39:11.973" endtime="20241217 16:39:11.995"/>
</iter>
<iter>
<var name="${element}">&lt;selenium.webdriver.remote.webelement.WebElement (session="3ddcb58296328d07c870a6d9a66b578c", element="f.CD52A991C3CFF7530ACD7F859D0B1207.d.A75ED3F202100020DB4F58260E010E62.e.77")&gt;</var>
<kw name="Log" library="BuiltIn">
<arg>${element.text}</arg>
<doc>Logs the given message with the given level.</doc>
<msg timestamp="20241217 16:39:12.010" level="INFO">Blackberry</msg>
<status status="PASS" starttime="20241217 16:39:11.996" endtime="20241217 16:39:12.011"/>
</kw>
<kw name="Append To List" library="Collections">
<arg>${actualList}</arg>
<arg>${element.text}</arg>
<doc>Adds ``values`` to the end of ``list``.</doc>
<status status="PASS" starttime="20241217 16:39:12.011" endtime="20241217 16:39:12.021"/>
</kw>
<status status="PASS" starttime="20241217 16:39:11.995" endtime="20241217 16:39:12.022"/>
</iter>
<status status="PASS" starttime="20241217 16:39:11.918" endtime="20241217 16:39:12.022"/>
</for>
<kw name="Lists Should Be Equal" library="Collections">
<arg>${expectedList}</arg>
<arg>${actualList}</arg>
<doc>Fails if given lists are unequal.</doc>
<status status="PASS" starttime="20241217 16:39:12.023" endtime="20241217 16:39:12.023"/>
</kw>
<status status="PASS" starttime="20241217 16:39:11.881" endtime="20241217 16:39:12.024"/>
</kw>
<kw name="Select the Card">
<arg>Nokia Edge</arg>
<kw name="Get WebElements" library="SeleniumLibrary">
<var>${elements}</var>
<arg>css:.card-title</arg>
<doc>Returns a list of WebElement objects matching the ``locator``.</doc>
<msg timestamp="20241217 16:39:12.034" level="INFO">${elements} = [&lt;selenium.webdriver.remote.webelement.WebElement (session="3ddcb58296328d07c870a6d9a66b578c", element="f.CD52A991C3CFF7530ACD7F859D0B1207.d.A75ED3F202100020DB4F58260E010E62.e.74")&gt;, &lt;selenium.webdriv...</msg>
<status status="PASS" starttime="20241217 16:39:12.024" endtime="20241217 16:39:12.034"/>
</kw>
<kw name="Set Variable" library="BuiltIn">
<var>${index}</var>
<arg>1</arg>
<doc>Returns the given values which can then be assigned to a variables.</doc>
<msg timestamp="20241217 16:39:12.035" level="INFO">${index} = 1</msg>
<status status="PASS" starttime="20241217 16:39:12.034" endtime="20241217 16:39:12.035"/>
</kw>
<for flavor="IN">
<var>${element}</var>
<value>@{elements}</value>
<iter>
<var name="${element}">&lt;selenium.webdriver.remote.webelement.WebElement (session="3ddcb58296328d07c870a6d9a66b578c", element="f.CD52A991C3CFF7530ACD7F859D0B1207.d.A75ED3F202100020DB4F58260E010E62.e.74")&gt;</var>
<kw name="Exit For Loop If" library="BuiltIn">
<arg>'${cardname}' == '${element.text}'</arg>
<doc>Stops executing the enclosing FOR loop if the ``condition`` is true.</doc>
<status status="PASS" starttime="20241217 16:39:12.036" endtime="20241217 16:39:12.047"/>
</kw>
<kw name="Evaluate" library="BuiltIn">
<var>${index}</var>
<arg>${index} + 1</arg>
<doc>Evaluates the given expression in Python and returns the result.</doc>
<msg timestamp="20241217 16:39:12.047" level="INFO">${index} = 2</msg>
<status status="PASS" starttime="20241217 16:39:12.047" endtime="20241217 16:39:12.048"/>
</kw>
<status status="PASS" starttime="20241217 16:39:12.036" endtime="20241217 16:39:12.048"/>
</iter>
<iter>
<var name="${element}">&lt;selenium.webdriver.remote.webelement.WebElement (session="3ddcb58296328d07c870a6d9a66b578c", element="f.CD52A991C3CFF7530ACD7F859D0B1207.d.A75ED3F202100020DB4F58260E010E62.e.75")&gt;</var>
<kw name="Exit For Loop If" library="BuiltIn">
<arg>'${cardname}' == '${element.text}'</arg>
<doc>Stops executing the enclosing FOR loop if the ``condition`` is true.</doc>
<status status="PASS" starttime="20241217 16:39:12.048" endtime="20241217 16:39:12.082"/>
</kw>
<kw name="Evaluate" library="BuiltIn">
<var>${index}</var>
<arg>${index} + 1</arg>
<doc>Evaluates the given expression in Python and returns the result.</doc>
<msg timestamp="20241217 16:39:12.083" level="INFO">${index} = 3</msg>
<status status="PASS" starttime="20241217 16:39:12.082" endtime="20241217 16:39:12.083"/>
</kw>
<status status="PASS" starttime="20241217 16:39:12.048" endtime="20241217 16:39:12.083"/>
</iter>
<iter>
<var name="${element}">&lt;selenium.webdriver.remote.webelement.WebElement (session="3ddcb58296328d07c870a6d9a66b578c", element="f.CD52A991C3CFF7530ACD7F859D0B1207.d.A75ED3F202100020DB4F58260E010E62.e.76")&gt;</var>
<kw name="Exit For Loop If" library="BuiltIn">
<arg>'${cardname}' == '${element.text}'</arg>
<doc>Stops executing the enclosing FOR loop if the ``condition`` is true.</doc>
<msg timestamp="20241217 16:39:12.092" level="INFO">Exiting for loop altogether.</msg>
<status status="PASS" starttime="20241217 16:39:12.084" endtime="20241217 16:39:12.092"/>
</kw>
<kw name="Evaluate" library="BuiltIn">
<var>${index}</var>
<arg>${index} + 1</arg>
<doc>Evaluates the given expression in Python and returns the result.</doc>
<status status="NOT RUN" starttime="20241217 16:39:12.092" endtime="20241217 16:39:12.092"/>
</kw>
<status status="PASS" starttime="20241217 16:39:12.083" endtime="20241217 16:39:12.092"/>
</iter>
<status status="PASS" starttime="20241217 16:39:12.035" endtime="20241217 16:39:12.092"/>
</for>
<kw name="Click Button" library="SeleniumLibrary">
<arg>xpath:(//*[@class='card-footer'])[${index}]/button</arg>
<doc>Clicks the button identified by ``locator``.</doc>
<msg timestamp="20241217 16:39:12.093" level="INFO">Clicking button 'xpath:(//*[@class='card-footer'])[3]/button'.</msg>
<status status="PASS" starttime="20241217 16:39:12.093" endtime="20241217 16:39:12.144"/>
</kw>
<status status="PASS" starttime="20241217 16:39:12.024" endtime="20241217 16:39:12.144"/>
</kw>
<kw name="Close Browser Session" library="resource" type="TEARDOWN">
<kw name="Close Browser" library="SeleniumLibrary">
<doc>Closes the current browser.</doc>
<status status="PASS" starttime="20241217 16:39:12.146" endtime="20241217 16:39:12.209"/>
</kw>
<status status="PASS" starttime="20241217 16:39:12.145" endtime="20241217 16:39:12.209"/>
</kw>
<status status="PASS" starttime="20241217 16:39:07.833" endtime="20241217 16:39:12.210"/>
</test>
<test id="s1-s1-t3" name="Select the Form and navigate to Child window" line="26">
<kw name="Open the browser with url" library="resource" type="SETUP">
<kw name="Create Webdriver" library="SeleniumLibrary">
<arg>Chrome</arg>
<doc>Creates an instance of Selenium WebDriver.</doc>
<msg timestamp="20241217 16:39:12.212" level="INFO">Creating an instance of the Chrome WebDriver.</msg>
<status status="PASS" starttime="20241217 16:39:12.212" endtime="20241217 16:39:12.753"/>
</kw>
<kw name="Maximize Browser Window" library="SeleniumLibrary">
<doc>Maximizes current browser window.</doc>
<status status="PASS" starttime="20241217 16:39:12.753" endtime="20241217 16:39:12.770"/>
</kw>
<kw name="Go To" library="SeleniumLibrary">
<arg>${url}</arg>
<doc>Navigates the current browser window to the provided ``url``.</doc>
<msg timestamp="20241217 16:39:12.771" level="INFO">Opening url 'https://rahulshettyacademy.com/loginpagePractise/'</msg>
<status status="PASS" starttime="20241217 16:39:12.770" endtime="20241217 16:39:13.095"/>
</kw>
<status status="PASS" starttime="20241217 16:39:12.211" endtime="20241217 16:39:13.095"/>
</kw>
<kw name="Fill the login form and select the User option">
<kw name="Input Text" library="SeleniumLibrary">
<arg>id:username</arg>
<arg>${user_name}</arg>
<doc>Types the given ``text`` into the text field identified by ``locator``.</doc>
<msg timestamp="20241217 16:39:13.096" level="INFO">Typing text 'rahulshettyacademy' into text field 'id:username'.</msg>
<status status="PASS" starttime="20241217 16:39:13.096" endtime="20241217 16:39:13.165"/>
</kw>
<kw name="Input Password" library="SeleniumLibrary">
<arg>id:password</arg>
<arg>${valid_password}</arg>
<doc>Types the given password into the text field identified by ``locator``.</doc>
<msg timestamp="20241217 16:39:13.166" level="INFO">Typing password into text field 'id:password'.</msg>
<msg timestamp="20241217 16:39:13.199" level="INFO">Temporally setting log level to: NONE</msg>
<msg timestamp="20241217 16:39:13.246" level="INFO">Log level changed from NONE to INFO.</msg>
<status status="PASS" starttime="20241217 16:39:13.165" endtime="20241217 16:39:13.246"/>
</kw>
<kw name="Click Element" library="SeleniumLibrary">
<arg>css:input[value='user']</arg>
<doc>Click the element identified by ``locator``.</doc>
<msg timestamp="20241217 16:39:13.247" level="INFO">Clicking element 'css:input[value='user']'.</msg>
<status status="PASS" starttime="20241217 16:39:13.247" endtime="20241217 16:39:13.303"/>
</kw>
<kw name="Wait Until Element Is Visible" library="SeleniumLibrary">
<arg>css:.modal-body</arg>
<doc>Waits until the element ``locator`` is visible.</doc>
<status status="PASS" starttime="20241217 16:39:13.303" endtime="20241217 16:39:13.539"/>
</kw>
<kw name="Click Button" library="SeleniumLibrary">
<arg>okayBtn</arg>
<doc>Clicks the button identified by ``locator``.</doc>
<msg timestamp="20241217 16:39:13.540" level="INFO">Clicking button 'okayBtn'.</msg>
<status status="PASS" starttime="20241217 16:39:13.539" endtime="20241217 16:39:13.577"/>
</kw>
<kw name="Click Button" library="SeleniumLibrary">
<arg>okayBtn</arg>
<doc>Clicks the button identified by ``locator``.</doc>
<msg timestamp="20241217 16:39:13.577" level="INFO">Clicking button 'okayBtn'.</msg>
<status status="PASS" starttime="20241217 16:39:13.577" endtime="20241217 16:39:13.608"/>
</kw>
<kw name="Wait Until Element Is Not Visible" library="SeleniumLibrary">
<arg>css:.modal-body</arg>
<doc>Waits until the element ``locator`` is not visible.</doc>
<status status="PASS" starttime="20241217 16:39:13.608" endtime="20241217 16:39:13.834"/>
</kw>
<kw name="Select From List By Value" library="SeleniumLibrary">
<arg>css:select.form-control</arg>
<arg>teach</arg>
<doc>Selects options from selection list ``locator`` by ``values``.</doc>
<msg timestamp="20241217 16:39:13.835" level="INFO">Selecting options from selection list 'css:select.form-control' by value teach.</msg>
<status status="PASS" starttime="20241217 16:39:13.834" endtime="20241217 16:39:13.886"/>
</kw>
<kw name="Select Checkbox" library="SeleniumLibrary">
<arg>terms</arg>
<doc>Selects the checkbox identified by ``locator``.</doc>
<msg timestamp="20241217 16:39:13.886" level="INFO">Selecting checkbox 'terms'.</msg>
<status status="PASS" starttime="20241217 16:39:13.886" endtime="20241217 16:39:13.928"/>
</kw>
<kw name="Checkbox Should Be Selected" library="SeleniumLibrary">
<arg>terms</arg>
<doc>Verifies checkbox ``locator`` is selected/checked.</doc>
<msg timestamp="20241217 16:39:13.929" level="INFO">Verifying checkbox 'terms' is selected.</msg>
<status status="PASS" starttime="20241217 16:39:13.928" endtime="20241217 16:39:13.941"/>
</kw>
<kw name="Sleep" library="BuiltIn">
<arg>5s</arg>
<doc>Pauses the test executed for the given time.</doc>
<msg timestamp="20241217 16:39:18.941" level="INFO">Slept 5 seconds</msg>
<status status="PASS" starttime="20241217 16:39:13.941" endtime="20241217 16:39:18.942"/>
</kw>
<status status="PASS" starttime="20241217 16:39:13.095" endtime="20241217 16:39:18.942"/>
</kw>
<kw name="Close Browser Session" library="resource" type="TEARDOWN">
<kw name="Close Browser" library="SeleniumLibrary">
<doc>Closes the current browser.</doc>
<status status="PASS" starttime="20241217 16:39:18.943" endtime="20241217 16:39:19.002"/>
</kw>
<status status="PASS" starttime="20241217 16:39:18.943" endtime="20241217 16:39:19.002"/>
</kw>
<status status="PASS" starttime="20241217 16:39:12.210" endtime="20241217 16:39:19.003"/>
</test>
<doc>To validate the Login Form</doc>
<status status="PASS" starttime="20241217 16:39:03.230" endtime="20241217 16:39:19.003"/>
</suite>
<status status="PASS" starttime="20241217 16:39:03.219" endtime="20241217 16:39:19.004"/>
</suite>
<statistics>
<total>
<stat pass="3" fail="0" skip="0">All Tests</stat>
</total>
<tag>
<stat pass="1" fail="0" skip="0">SMOKE</stat>
</tag>
<suite>
<stat pass="3" fail="0" skip="0" id="s1" name="Tests">Tests</stat>
<stat pass="3" fail="0" skip="0" id="s1-s1" name="Testdemo2">Tests.Testdemo2</stat>
</suite>
</statistics>
<errors>
</errors>
</robot>
