<?xml version="1.0" encoding="UTF-8"?>
<robot generator="Rebot 6.1 (Python 3.10.12 on linux)" generated="20241217 16:39:21.779" rpa="false" schemaversion="4">
<suite id="s1" name="Tests" source="/home/rabik/Desktop/Robot Testing/tests">
<suite id="s1-s1" name="Testdemo1" source="/home/rabik/Desktop/Robot Testing/tests/testdemo1.robot">
<test id="s1-s1-t1" name="Validate Unsuccessful Login" line="11">
<kw name="Open the browser with url">
<kw name="Create Webdriver" library="SeleniumLibrary">
<arg>Chrome</arg>
<doc>Creates an instance of Selenium WebDriver.</doc>
<msg timestamp="20241217 16:39:03.335" level="INFO">Creating an instance of the Chrome WebDriver.</msg>
<status status="PASS" starttime="20241217 16:39:03.334" endtime="20241217 16:39:06.183"/>
</kw>
<kw name="Go To" library="SeleniumLibrary">
<arg>https://rahulshettyacademy.com/loginpagePractise/</arg>
<doc>Navigates the current browser window to the provided ``url``.</doc>
<msg timestamp="20241217 16:39:06.184" level="INFO">Opening url 'https://rahulshettyacademy.com/loginpagePractise/'</msg>
<status status="PASS" starttime="20241217 16:39:06.184" endtime="20241217 16:39:06.568"/>
</kw>
<status status="PASS" starttime="20241217 16:39:03.334" endtime="20241217 16:39:06.568"/>
</kw>
<kw name="Fill the login form">
<kw name="Input Text" library="SeleniumLibrary">
<arg>id:username</arg>
<arg>rahulshettyacademy</arg>
<doc>Types the given ``text`` into the text field identified by ``locator``.</doc>
<msg timestamp="20241217 16:39:06.572" level="INFO">Typing text 'rahulshettyacademy' into text field 'id:username'.</msg>
<status status="PASS" starttime="20241217 16:39:06.570" endtime="20241217 16:39:06.675"/>
</kw>
<kw name="Input Password" library="SeleniumLibrary">
<arg>id:password</arg>
<arg>12345</arg>
<doc>Types the given password into the text field identified by ``locator``.</doc>
<msg timestamp="20241217 16:39:06.677" level="INFO">Typing password into text field 'id:password'.</msg>
<msg timestamp="20241217 16:39:06.709" level="INFO">Temporally setting log level to: NONE</msg>
<msg timestamp="20241217 16:39:06.738" level="INFO">Log level changed from NONE to INFO.</msg>
<status status="PASS" starttime="20241217 16:39:06.675" endtime="20241217 16:39:06.738"/>
</kw>
<kw name="Click Button" library="SeleniumLibrary">
<arg>signInBtn</arg>
<doc>Clicks the button identified by ``locator``.</doc>
<msg timestamp="20241217 16:39:06.739" level="INFO">Clicking button 'signInBtn'.</msg>
<status status="PASS" starttime="20241217 16:39:06.739" endtime="20241217 16:39:06.781"/>
</kw>
<status status="PASS" starttime="20241217 16:39:06.569" endtime="20241217 16:39:06.781"/>
</kw>
<kw name="wait until it checks and displays error message">
<kw name="Wait Until Element Is Visible" library="SeleniumLibrary">
<arg>css:.alert-danger</arg>
<doc>Waits until the element ``locator`` is visible.</doc>
<status status="PASS" starttime="20241217 16:39:06.782" endtime="20241217 16:39:08.941"/>
</kw>
<status status="PASS" starttime="20241217 16:39:06.781" endtime="20241217 16:39:08.941"/>
</kw>
<kw name="verify error message is correct">
<kw name="Get Text" library="SeleniumLibrary">
<var>${result}</var>
<arg>${Error_message_login}</arg>
<doc>Returns the text value of the element identified by ``locator``.</doc>
<msg timestamp="20241217 16:39:08.977" level="INFO">${result} = Incorrect username/password.</msg>
<status status="PASS" starttime="20241217 16:39:08.943" endtime="20241217 16:39:08.977"/>
</kw>
<kw name="Should Be Equal As Strings" library="BuiltIn">
<arg>${result}</arg>
<arg>Incorrect username/password.</arg>
<doc>Fails if objects are unequal after converting them to strings.</doc>
<status status="PASS" starttime="20241217 16:39:08.978" endtime="20241217 16:39:08.978"/>
</kw>
<status status="PASS" starttime="20241217 16:39:08.942" endtime="20241217 16:39:08.979"/>
</kw>
<kw name="Close Browser" library="SeleniumLibrary" type="TEARDOWN">
<doc>Closes the current browser.</doc>
<status status="PASS" starttime="20241217 16:39:08.979" endtime="20241217 16:39:09.044"/>
</kw>
<status status="PASS" starttime="20241217 16:39:03.334" endtime="20241217 16:39:09.045"/>
</test>
<doc>To validate the Login Form</doc>
<status status="PASS" starttime="20241217 16:39:03.228" endtime="20241217 16:39:09.047"/>
</suite>
<suite id="s1-s2" name="Testdemo2" source="/home/rabik/Desktop/Robot Testing/tests/testdemo2.robot">
<test id="s1-s2-t1" name="Validate Unsuccessful Login" line="14">
<kw name="Open the browser with url" library="resource" type="SETUP">
<kw name="Create Webdriver" library="SeleniumLibrary">
<arg>Chrome</arg>
<doc>Creates an instance of Selenium WebDriver.</doc>
<msg timestamp="20241217 16:39:03.350" level="INFO">Creating an instance of the Chrome WebDriver.</msg>
<status status="PASS" starttime="20241217 16:39:03.350" endtime="20241217 16:39:04.794"/>
</kw>
<kw name="Maximize Browser Window" library="SeleniumLibrary">
<doc>Maximizes current browser window.</doc>
<status status="PASS" starttime="20241217 16:39:04.795" endtime="20241217 16:39:04.816"/>
</kw>
<kw name="Go To" library="SeleniumLibrary">
<arg>${url}</arg>
<doc>Navigates the current browser window to the provided ``url``.</doc>
<msg timestamp="20241217 16:39:04.817" level="INFO">Opening url 'https://rahulshettyacademy.com/loginpagePractise/'</msg>
<status status="PASS" starttime="20241217 16:39:04.817" endtime="20241217 16:39:05.288"/>
</kw>
<status status="PASS" starttime="20241217 16:39:03.349" endtime="20241217 16:39:05.289"/>
</kw>
<kw name="Fill the login form">
<arg>${user_name}</arg>
<arg>${invalid_password}</arg>
<kw name="Input Text" library="SeleniumLibrary">
<arg>id:username</arg>
<arg>${username}</arg>
<doc>Types the given ``text`` into the text field identified by ``locator``.</doc>
<msg timestamp="20241217 16:39:05.294" level="INFO">Typing text 'rahulshettyacademy' into text field 'id:username'.</msg>
<status status="PASS" starttime="20241217 16:39:05.292" endtime="20241217 16:39:05.447"/>
</kw>
<kw name="Input Password" library="SeleniumLibrary">
<arg>id:password</arg>
<arg>${password}</arg>
<doc>Types the given password into the text field identified by ``locator``.</doc>
<msg timestamp="20241217 16:39:05.450" level="INFO">Typing password into text field 'id:password'.</msg>
<msg timestamp="20241217 16:39:05.584" level="INFO">Temporally setting log level to: NONE</msg>
<msg timestamp="20241217 16:39:05.654" level="INFO">Log level changed from NONE to INFO.</msg>
<status status="PASS" starttime="20241217 16:39:05.448" endtime="20241217 16:39:05.654"/>
</kw>
<kw name="Click Button" library="SeleniumLibrary">
<arg>signInBtn</arg>
<doc>Clicks the button identified by ``locator``.</doc>
<msg timestamp="20241217 16:39:05.656" level="INFO">Clicking button 'signInBtn'.</msg>
<status status="PASS" starttime="20241217 16:39:05.655" endtime="20241217 16:39:05.762"/>
</kw>
<status status="PASS" starttime="20241217 16:39:05.290" endtime="20241217 16:39:05.763"/>
</kw>
<kw name="Wait Until Element Is Visible" library="SeleniumLibrary">
<arg>${Error_message_login}</arg>
<doc>Waits until the element ``locator`` is visible.</doc>
<status status="PASS" starttime="20241217 16:39:05.763" endtime="20241217 16:39:07.754"/>
</kw>
<kw name="verify error message is correct">
<kw name="Get Text" library="SeleniumLibrary">
<var>${result}</var>
<arg>${Error_message_login}</arg>
<doc>Returns the text value of the element identified by ``locator``.</doc>
<msg timestamp="20241217 16:39:07.772" level="INFO">${result} = Incorrect username/password.</msg>
<status status="PASS" starttime="20241217 16:39:07.754" endtime="20241217 16:39:07.772"/>
</kw>
<kw name="Should Be Equal As Strings" library="BuiltIn">
<arg>${result}</arg>
<arg>Incorrect username/password.</arg>
<doc>Fails if objects are unequal after converting them to strings.</doc>
<status status="PASS" starttime="20241217 16:39:07.773" endtime="20241217 16:39:07.773"/>
</kw>
<status status="PASS" starttime="20241217 16:39:07.754" endtime="20241217 16:39:07.773"/>
</kw>
<kw name="Close Browser Session" library="resource" type="TEARDOWN">
<kw name="Close Browser" library="SeleniumLibrary">
<doc>Closes the current browser.</doc>
<status status="PASS" starttime="20241217 16:39:07.774" endtime="20241217 16:39:07.832"/>
</kw>
<status status="PASS" starttime="20241217 16:39:07.774" endtime="20241217 16:39:07.832"/>
</kw>
<tag>SMOKE</tag>
<status status="PASS" starttime="20241217 16:39:03.349" endtime="20241217 16:39:07.832"/>
</test>
<test id="s1-s2-t2" name="Validate Cards display in the Shopping page" line="20">
<kw name="Open the browser with url" library="resource" type="SETUP">
<kw name="Create Webdriver" library="SeleniumLibrary">
<arg>Chrome</arg>
<doc>Creates an instance of Selenium WebDriver.</doc>
<msg timestamp="20241217 16:39:07.834" level="INFO">Creating an instance of the Chrome WebDriver.</msg>
<status status="PASS" starttime="20241217 16:39:07.833" endtime="20241217 16:39:08.347"/>
</kw>
<kw name="Maximize Browser Window" library="SeleniumLibrary">
<doc>Maximizes current browser window.</doc>
<status status="PASS" starttime="20241217 16:39:08.348" endtime="20241217 16:39:08.383"/>
</kw>
<kw name="Go To" library="SeleniumLibrary">
<arg>${url}</arg>
<doc>Navigates the current browser window to the provided ``url``.</doc>
<msg timestamp="20241217 16:39:08.385" level="INFO">Opening url 'https://rahulshettyacademy.com/loginpagePractise/'</msg>
<status status="PASS" starttime="20241217 16:39:08.384" endtime="20241217 16:39:08.743"/>
</kw>
<status status="PASS" starttime="20241217 16:39:07.833" endtime="20241217 16:39:08.744"/>
</kw>
<kw name="Fill the login form">
<arg>${user_name}</arg>
<arg>${valid_password}</arg>
<kw name="Input Text" library="SeleniumLibrary">
<arg>id:username</arg>
<arg>${username}</arg>
<doc>Types the given ``text`` into the text field identified by ``locator``.</doc>
<msg timestamp="20241217 16:39:08.747" level="INFO">Typing text 'rahulshettyacademy' into text field 'id:username'.</msg>
<status status="PASS" starttime="20241217 16:39:08.746" endtime="20241217 16:39:08.887"/>
</kw>
<kw name="Input Password" library="SeleniumLibrary">
<arg>id:password</arg>
<arg>${password}</arg>
<doc>Types the given password into the text field identified by ``locator``.</doc>
<msg timestamp="20241217 16:39:08.890" level="INFO">Typing password into text field 'id:password'.</msg>
<msg timestamp="20241217 16:39:08.967" level="INFO">Temporally setting log level to: NONE</msg>
<msg timestamp="20241217 16:39:09.046" level="INFO">Log level changed from NONE to INFO.</msg>
<status status="PASS" starttime="20241217 16:39:08.888" endtime="20241217 16:39:09.047"/>
</kw>
<kw name="Click Button" library="SeleniumLibrary">
<arg>signInBtn</arg>
<doc>Clicks the button identified by ``locator``.</doc>
<msg timestamp="20241217 16:39:09.049" level="INFO">Clicking button 'signInBtn'.</msg>
<status status="PASS" starttime="20241217 16:39:09.048" endtime="20241217 16:39:09.152"/>
</kw>
<status status="PASS" starttime="20241217 16:39:08.744" endtime="20241217 16:39:09.154"/>
</kw>
<kw name="Wait Until Element Is Seen">
<arg>${Shop_page_load}</arg>
<kw name="Wait Until Element Is Visible" library="SeleniumLibrary">
<arg>${element}</arg>
<doc>Waits until the element ``locator`` is visible.</doc>
<status status="PASS" starttime="20241217 16:39:09.156" endtime="20241217 16:39:11.875"/>
</kw>
<status status="PASS" starttime="20241217 16:39:09.154" endtime="20241217 16:39:11.878"/>
</kw>
<kw name="Verify Card titles in the Shop page">
<kw name="Create List" library="BuiltIn">
<var>@{expectedList}</var>
<arg>iphone X</arg>
<arg>Samsung Note 8</arg>
<arg>Nokia Edge</arg>
<arg>Blackberry</arg>
<doc>Returns a list containing given items.</doc>
<msg timestamp="20241217 16:39:11.890" level="INFO">@{expectedList} = [ iphone X | Samsung Note 8 | Nokia Edge | Blackberry ]</msg>
<status status="PASS" starttime="20241217 16:39:11.886" endtime="20241217 16:39:11.890"/>
</kw>
<kw name="Create List" library="BuiltIn">
<var>@{actualList}</var>
<doc>Returns a list containing given items.</doc>
<msg timestamp="20241217 16:39:11.895" level="INFO">@{actualList} = [ ]</msg>
<status status="PASS" starttime="20241217 16:39:11.892" endtime="20241217 16:39:11.896"/>
</kw>
<kw name="Get WebElements" library="SeleniumLibrary">
<var>${elements}</var>
<arg>css:.card-title</arg>
<doc>Returns a list of WebElement objects matching the ``locator``.</doc>
<msg timestamp="20241217 16:39:11.917" level="INFO">${elements} = [&lt;selenium.webdriver.remote.webelement.WebElement (session="3ddcb58296328d07c870a6d9a66b578c", element="f.CD52A991C3CFF7530ACD7F859D0B1207.d.A75ED3F202100020DB4F58260E010E62.e.74")&gt;, &lt;selenium.webdriv...</msg>
<status status="PASS" starttime="20241217 16:39:11.900" endtime="20241217 16:39:11.917"/>
</kw>
<for flavor="IN">
<var>${element}</var>
<value>@{elements}</value>
<iter>
<var name="${element}">&lt;selenium.webdriver.remote.webelement.WebElement (session="3ddcb58296328d07c870a6d9a66b578c", element="f.CD52A991C3CFF7530ACD7F859D0B1207.d.A75ED3F202100020DB4F58260E010E62.e.74")&gt;</var>
<kw name="Log" library="BuiltIn">
<arg>${element.text}</arg>
<doc>Logs the given message with the given level.</doc>
<msg timestamp="20241217 16:39:11.937" level="INFO">iphone X</msg>
<status status="PASS" starttime="20241217 16:39:11.918" endtime="20241217 16:39:11.937"/>
</kw>
<kw name="Append To List" library="Collections">
<arg>${actualList}</arg>
<arg>${element.text}</arg>
<doc>Adds ``values`` to the end of ``list``.</doc>
<status status="PASS" starttime="20241217 16:39:11.937" endtime="20241217 16:39:11.948"/>
</kw>
<status status="PASS" starttime="20241217 16:39:11.918" endtime="20241217 16:39:11.948"/>
</iter>
<iter>
<var name="${element}">&lt;selenium.webdriver.remote.webelement.WebElement (session="3ddcb58296328d07c870a6d9a66b578c", element="f.CD52A991C3CFF7530ACD7F859D0B1207.d.A75ED3F202100020DB4F58260E010E62.e.75")&gt;</var>
<kw name="Log" library="BuiltIn">
<arg>${element.text}</arg>
<doc>Logs the given message with the given level.</doc>
<msg timestamp="20241217 16:39:11.960" level="INFO">Samsung Note 8</msg>
<status status="PASS" starttime="20241217 16:39:11.948" endtime="20241217 16:39:11.960"/>
</kw>
<kw name="Append To List" library="Collections">
<arg>${actualList}</arg>
<arg>${element.text}</arg>
<doc>Adds ``values`` to the end of ``list``.</doc>
<status status="PASS" starttime="20241217 16:39:11.960" endtime="20241217 16:39:11.973"/>
</kw>
<status status="PASS" starttime="20241217 16:39:11.948" endtime="20241217 16:39:11.973"/>
</iter>
<iter>
<var name="${element}">&lt;selenium.webdriver.remote.webelement.WebElement (session="3ddcb58296328d07c870a6d9a66b578c", element="f.CD52A991C3CFF7530ACD7F859D0B1207.d.A75ED3F202100020DB4F58260E010E62.e.76")&gt;</var>
<kw name="Log" library="BuiltIn">
<arg>${element.text}</arg>
<doc>Logs the given message with the given level.</doc>
<msg timestamp="20241217 16:39:11.983" level="INFO">Nokia Edge</msg>
<status status="PASS" starttime="20241217 16:39:11.974" endtime="20241217 16:39:11.983"/>
</kw>
<kw name="Append To List" library="Collections">
<arg>${actualList}</arg>
<arg>${element.text}</arg>
<doc>Adds ``values`` to the end of ``list``.</doc>
<status status="PASS" starttime="20241217 16:39:11.984" endtime="20241217 16:39:11.994"/>
</kw>
<status status="PASS" starttime="20241217 16:39:11.973" endtime="20241217 16:39:11.995"/>
</iter>
<iter>
<var name="${element}">&lt;selenium.webdriver.remote.webelement.WebElement (session="3ddcb58296328d07c870a6d9a66b578c", element="f.CD52A991C3CFF7530ACD7F859D0B1207.d.A75ED3F202100020DB4F58260E010E62.e.77")&gt;</var>
<kw name="Log" library="BuiltIn">
<arg>${element.text}</arg>
<doc>Logs the given message with the given level.</doc>
<msg timestamp="20241217 16:39:12.010" level="INFO">Blackberry</msg>
<status status="PASS" starttime="20241217 16:39:11.996" endtime="20241217 16:39:12.011"/>
</kw>
<kw name="Append To List" library="Collections">
<arg>${actualList}</arg>
<arg>${element.text}</arg>
<doc>Adds ``values`` to the end of ``list``.</doc>
<status status="PASS" starttime="20241217 16:39:12.011" endtime="20241217 16:39:12.021"/>
</kw>
<status status="PASS" starttime="20241217 16:39:11.995" endtime="20241217 16:39:12.022"/>
</iter>
<status status="PASS" starttime="20241217 16:39:11.918" endtime="20241217 16:39:12.022"/>
</for>
<kw name="Lists Should Be Equal" library="Collections">
<arg>${expectedList}</arg>
<arg>${actualList}</arg>
<doc>Fails if given lists are unequal.</doc>
<status status="PASS" starttime="20241217 16:39:12.023" endtime="20241217 16:39:12.023"/>
</kw>
<status status="PASS" starttime="20241217 16:39:11.881" endtime="20241217 16:39:12.024"/>
</kw>
<kw name="Select the Card">
<arg>Nokia Edge</arg>
<kw name="Get WebElements" library="SeleniumLibrary">
<var>${elements}</var>
<arg>css:.card-title</arg>
<doc>Returns a list of WebElement objects matching the ``locator``.</doc>
<msg timestamp="20241217 16:39:12.034" level="INFO">${elements} = [&lt;selenium.webdriver.remote.webelement.WebElement (session="3ddcb58296328d07c870a6d9a66b578c", element="f.CD52A991C3CFF7530ACD7F859D0B1207.d.A75ED3F202100020DB4F58260E010E62.e.74")&gt;, &lt;selenium.webdriv...</msg>
<status status="PASS" starttime="20241217 16:39:12.024" endtime="20241217 16:39:12.034"/>
</kw>
<kw name="Set Variable" library="BuiltIn">
<var>${index}</var>
<arg>1</arg>
<doc>Returns the given values which can then be assigned to a variables.</doc>
<msg timestamp="20241217 16:39:12.035" level="INFO">${index} = 1</msg>
<status status="PASS" starttime="20241217 16:39:12.034" endtime="20241217 16:39:12.035"/>
</kw>
<for flavor="IN">
<var>${element}</var>
<value>@{elements}</value>
<iter>
<var name="${element}">&lt;selenium.webdriver.remote.webelement.WebElement (session="3ddcb58296328d07c870a6d9a66b578c", element="f.CD52A991C3CFF7530ACD7F859D0B1207.d.A75ED3F202100020DB4F58260E010E62.e.74")&gt;</var>
<kw name="Exit For Loop If" library="BuiltIn">
<arg>'${cardname}' == '${element.text}'</arg>
<doc>Stops executing the enclosing FOR loop if the ``condition`` is true.</doc>
<status status="PASS" starttime="20241217 16:39:12.036" endtime="20241217 16:39:12.047"/>
</kw>
<kw name="Evaluate" library="BuiltIn">
<var>${index}</var>
<arg>${index} + 1</arg>
<doc>Evaluates the given expression in Python and returns the result.</doc>
<msg timestamp="20241217 16:39:12.047" level="INFO">${index} = 2</msg>
<status status="PASS" starttime="20241217 16:39:12.047" endtime="20241217 16:39:12.048"/>
</kw>
<status status="PASS" starttime="20241217 16:39:12.036" endtime="20241217 16:39:12.048"/>
</iter>
<iter>
<var name="${element}">&lt;selenium.webdriver.remote.webelement.WebElement (session="3ddcb58296328d07c870a6d9a66b578c", element="f.CD52A991C3CFF7530ACD7F859D0B1207.d.A75ED3F202100020DB4F58260E010E62.e.75")&gt;</var>
<kw name="Exit For Loop If" library="BuiltIn">
<arg>'${cardname}' == '${element.text}'</arg>
<doc>Stops executing the enclosing FOR loop if the ``condition`` is true.</doc>
<status status="PASS" starttime="20241217 16:39:12.048" endtime="20241217 16:39:12.082"/>
</kw>
<kw name="Evaluate" library="BuiltIn">
<var>${index}</var>
<arg>${index} + 1</arg>
<doc>Evaluates the given expression in Python and returns the result.</doc>
<msg timestamp="20241217 16:39:12.083" level="INFO">${index} = 3</msg>
<status status="PASS" starttime="20241217 16:39:12.082" endtime="20241217 16:39:12.083"/>
</kw>
<status status="PASS" starttime="20241217 16:39:12.048" endtime="20241217 16:39:12.083"/>
</iter>
<iter>
<var name="${element}">&lt;selenium.webdriver.remote.webelement.WebElement (session="3ddcb58296328d07c870a6d9a66b578c", element="f.CD52A991C3CFF7530ACD7F859D0B1207.d.A75ED3F202100020DB4F58260E010E62.e.76")&gt;</var>
<kw name="Exit For Loop If" library="BuiltIn">
<arg>'${cardname}' == '${element.text}'</arg>
<doc>Stops executing the enclosing FOR loop if the ``condition`` is true.</doc>
<msg timestamp="20241217 16:39:12.092" level="INFO">Exiting for loop altogether.</msg>
<status status="PASS" starttime="20241217 16:39:12.084" endtime="20241217 16:39:12.092"/>
</kw>
<kw name="Evaluate" library="BuiltIn">
<var>${index}</var>
<arg>${index} + 1</arg>
<doc>Evaluates the given expression in Python and returns the result.</doc>
<status status="NOT RUN" starttime="20241217 16:39:12.092" endtime="20241217 16:39:12.092"/>
</kw>
<status status="PASS" starttime="20241217 16:39:12.083" endtime="20241217 16:39:12.092"/>
</iter>
<status status="PASS" starttime="20241217 16:39:12.035" endtime="20241217 16:39:12.092"/>
</for>
<kw name="Click Button" library="SeleniumLibrary">
<arg>xpath:(//*[@class='card-footer'])[${index}]/button</arg>
<doc>Clicks the button identified by ``locator``.</doc>
<msg timestamp="20241217 16:39:12.093" level="INFO">Clicking button 'xpath:(//*[@class='card-footer'])[3]/button'.</msg>
<status status="PASS" starttime="20241217 16:39:12.093" endtime="20241217 16:39:12.144"/>
</kw>
<status status="PASS" starttime="20241217 16:39:12.024" endtime="20241217 16:39:12.144"/>
</kw>
<kw name="Close Browser Session" library="resource" type="TEARDOWN">
<kw name="Close Browser" library="SeleniumLibrary">
<doc>Closes the current browser.</doc>
<status status="PASS" starttime="20241217 16:39:12.146" endtime="20241217 16:39:12.209"/>
</kw>
<status status="PASS" starttime="20241217 16:39:12.145" endtime="20241217 16:39:12.209"/>
</kw>
<status status="PASS" starttime="20241217 16:39:07.833" endtime="20241217 16:39:12.210"/>
</test>
<test id="s1-s2-t3" name="Select the Form and navigate to Child window" line="26">
<kw name="Open the browser with url" library="resource" type="SETUP">
<kw name="Create Webdriver" library="SeleniumLibrary">
<arg>Chrome</arg>
<doc>Creates an instance of Selenium WebDriver.</doc>
<msg timestamp="20241217 16:39:12.212" level="INFO">Creating an instance of the Chrome WebDriver.</msg>
<status status="PASS" starttime="20241217 16:39:12.212" endtime="20241217 16:39:12.753"/>
</kw>
<kw name="Maximize Browser Window" library="SeleniumLibrary">
<doc>Maximizes current browser window.</doc>
<status status="PASS" starttime="20241217 16:39:12.753" endtime="20241217 16:39:12.770"/>
</kw>
<kw name="Go To" library="SeleniumLibrary">
<arg>${url}</arg>
<doc>Navigates the current browser window to the provided ``url``.</doc>
<msg timestamp="20241217 16:39:12.771" level="INFO">Opening url 'https://rahulshettyacademy.com/loginpagePractise/'</msg>
<status status="PASS" starttime="20241217 16:39:12.770" endtime="20241217 16:39:13.095"/>
</kw>
<status status="PASS" starttime="20241217 16:39:12.211" endtime="20241217 16:39:13.095"/>
</kw>
<kw name="Fill the login form and select the User option">
<kw name="Input Text" library="SeleniumLibrary">
<arg>id:username</arg>
<arg>${user_name}</arg>
<doc>Types the given ``text`` into the text field identified by ``locator``.</doc>
<msg timestamp="20241217 16:39:13.096" level="INFO">Typing text 'rahulshettyacademy' into text field 'id:username'.</msg>
<status status="PASS" starttime="20241217 16:39:13.096" endtime="20241217 16:39:13.165"/>
</kw>
<kw name="Input Password" library="SeleniumLibrary">
<arg>id:password</arg>
<arg>${valid_password}</arg>
<doc>Types the given password into the text field identified by ``locator``.</doc>
<msg timestamp="20241217 16:39:13.166" level="INFO">Typing password into text field 'id:password'.</msg>
<msg timestamp="20241217 16:39:13.199" level="INFO">Temporally setting log level to: NONE</msg>
<msg timestamp="20241217 16:39:13.246" level="INFO">Log level changed from NONE to INFO.</msg>
<status status="PASS" starttime="20241217 16:39:13.165" endtime="20241217 16:39:13.246"/>
</kw>
<kw name="Click Element" library="SeleniumLibrary">
<arg>css:input[value='user']</arg>
<doc>Click the element identified by ``locator``.</doc>
<msg timestamp="20241217 16:39:13.247" level="INFO">Clicking element 'css:input[value='user']'.</msg>
<status status="PASS" starttime="20241217 16:39:13.247" endtime="20241217 16:39:13.303"/>
</kw>
<kw name="Wait Until Element Is Visible" library="SeleniumLibrary">
<arg>css:.modal-body</arg>
<doc>Waits until the element ``locator`` is visible.</doc>
<status status="PASS" starttime="20241217 16:39:13.303" endtime="20241217 16:39:13.539"/>
</kw>
<kw name="Click Button" library="SeleniumLibrary">
<arg>okayBtn</arg>
<doc>Clicks the button identified by ``locator``.</doc>
<msg timestamp="20241217 16:39:13.540" level="INFO">Clicking button 'okayBtn'.</msg>
<status status="PASS" starttime="20241217 16:39:13.539" endtime="20241217 16:39:13.577"/>
</kw>
<kw name="Click Button" library="SeleniumLibrary">
<arg>okayBtn</arg>
<doc>Clicks the button identified by ``locator``.</doc>
<msg timestamp="20241217 16:39:13.577" level="INFO">Clicking button 'okayBtn'.</msg>
<status status="PASS" starttime="20241217 16:39:13.577" endtime="20241217 16:39:13.608"/>
</kw>
<kw name="Wait Until Element Is Not Visible" library="SeleniumLibrary">
<arg>css:.modal-body</arg>
<doc>Waits until the element ``locator`` is not visible.</doc>
<status status="PASS" starttime="20241217 16:39:13.608" endtime="20241217 16:39:13.834"/>
</kw>
<kw name="Select From List By Value" library="SeleniumLibrary">
<arg>css:select.form-control</arg>
<arg>teach</arg>
<doc>Selects options from selection list ``locator`` by ``values``.</doc>
<msg timestamp="20241217 16:39:13.835" level="INFO">Selecting options from selection list 'css:select.form-control' by value teach.</msg>
<status status="PASS" starttime="20241217 16:39:13.834" endtime="20241217 16:39:13.886"/>
</kw>
<kw name="Select Checkbox" library="SeleniumLibrary">
<arg>terms</arg>
<doc>Selects the checkbox identified by ``locator``.</doc>
<msg timestamp="20241217 16:39:13.886" level="INFO">Selecting checkbox 'terms'.</msg>
<status status="PASS" starttime="20241217 16:39:13.886" endtime="20241217 16:39:13.928"/>
</kw>
<kw name="Checkbox Should Be Selected" library="SeleniumLibrary">
<arg>terms</arg>
<doc>Verifies checkbox ``locator`` is selected/checked.</doc>
<msg timestamp="20241217 16:39:13.929" level="INFO">Verifying checkbox 'terms' is selected.</msg>
<status status="PASS" starttime="20241217 16:39:13.928" endtime="20241217 16:39:13.941"/>
</kw>
<kw name="Sleep" library="BuiltIn">
<arg>5s</arg>
<doc>Pauses the test executed for the given time.</doc>
<msg timestamp="20241217 16:39:18.941" level="INFO">Slept 5 seconds</msg>
<status status="PASS" starttime="20241217 16:39:13.941" endtime="20241217 16:39:18.942"/>
</kw>
<status status="PASS" starttime="20241217 16:39:13.095" endtime="20241217 16:39:18.942"/>
</kw>
<kw name="Close Browser Session" library="resource" type="TEARDOWN">
<kw name="Close Browser" library="SeleniumLibrary">
<doc>Closes the current browser.</doc>
<status status="PASS" starttime="20241217 16:39:18.943" endtime="20241217 16:39:19.002"/>
</kw>
<status status="PASS" starttime="20241217 16:39:18.943" endtime="20241217 16:39:19.002"/>
</kw>
<status status="PASS" starttime="20241217 16:39:12.210" endtime="20241217 16:39:19.003"/>
</test>
<doc>To validate the Login Form</doc>
<status status="PASS" starttime="20241217 16:39:03.230" endtime="20241217 16:39:19.003"/>
</suite>
<suite id="s1-s3" name="Testdemo3" source="/home/rabik/Desktop/Robot Testing/tests/testdemo3.robot">
<test id="s1-s3-t1" name="Validate Child window Functionality" line="15">
<kw name="Open the browser with url" library="resource" type="SETUP">
<kw name="Create Webdriver" library="SeleniumLibrary">
<arg>Chrome</arg>
<doc>Creates an instance of Selenium WebDriver.</doc>
<msg timestamp="20241217 16:39:03.349" level="INFO">Creating an instance of the Chrome WebDriver.</msg>
<status status="PASS" starttime="20241217 16:39:03.349" endtime="20241217 16:39:06.071"/>
</kw>
<kw name="Maximize Browser Window" library="SeleniumLibrary">
<doc>Maximizes current browser window.</doc>
<status status="PASS" starttime="20241217 16:39:06.071" endtime="20241217 16:39:06.107"/>
</kw>
<kw name="Go To" library="SeleniumLibrary">
<arg>${url}</arg>
<doc>Navigates the current browser window to the provided ``url``.</doc>
<msg timestamp="20241217 16:39:06.108" level="INFO">Opening url 'https://rahulshettyacademy.com/loginpagePractise/'</msg>
<status status="PASS" starttime="20241217 16:39:06.108" endtime="20241217 16:39:06.449"/>
</kw>
<status status="PASS" starttime="20241217 16:39:03.348" endtime="20241217 16:39:06.450"/>
</kw>
<kw name="Select the link of Child window">
<kw name="Click Element" library="SeleniumLibrary">
<arg>xpath:(//*[@class='blinkingText'])[1]</arg>
<doc>Click the element identified by ``locator``.</doc>
<msg timestamp="20241217 16:39:06.455" level="INFO">Clicking element 'xpath:(//*[@class='blinkingText'])[1]'.</msg>
<status status="PASS" starttime="20241217 16:39:06.451" endtime="20241217 16:39:06.526"/>
</kw>
<status status="PASS" starttime="20241217 16:39:06.450" endtime="20241217 16:39:06.526"/>
</kw>
<kw name="Verify the user is Switched to Child window">
<kw name="Switch Window" library="SeleniumLibrary">
<arg>NEW</arg>
<doc>Switches to browser window matching ``locator``.</doc>
<status status="PASS" starttime="20241217 16:39:06.527" endtime="20241217 16:39:06.553"/>
</kw>
<kw name="Element Text Should Be" library="SeleniumLibrary">
<arg>css:h1</arg>
<arg>DOCUMENTS REQUEST</arg>
<doc>Verifies that element ``locator`` contains exact the text ``expected``.</doc>
<msg timestamp="20241217 16:39:06.555" level="INFO">Verifying element 'css:h1' contains exact text 'DOCUMENTS REQUEST'.</msg>
<status status="PASS" starttime="20241217 16:39:06.553" endtime="20241217 16:39:07.751"/>
</kw>
<status status="PASS" starttime="20241217 16:39:06.527" endtime="20241217 16:39:07.751"/>
</kw>
<kw name="Grab the Email id in the Child Window">
<kw name="Get Text" library="SeleniumLibrary">
<var>${text}</var>
<arg>css:.red</arg>
<doc>Returns the text value of the element identified by ``locator``.</doc>
<msg timestamp="20241217 16:39:07.767" level="INFO">${text} = Please email us at mentor@rahulshettyacademy.com with below template to receive response</msg>
<status status="PASS" starttime="20241217 16:39:07.752" endtime="20241217 16:39:07.767"/>
</kw>
<kw name="Split String" library="String">
<var>@{words}</var>
<arg>${text}</arg>
<arg>at</arg>
<doc>Splits the ``string`` using ``separator`` as a delimiter string.</doc>
<msg timestamp="20241217 16:39:07.768" level="INFO">@{words} = [ Please email us  |  mentor@rahulshettyacademy.com with below templ | e to receive response ]</msg>
<status status="PASS" starttime="20241217 16:39:07.768" endtime="20241217 16:39:07.768"/>
</kw>
<kw name="Get From List" library="Collections">
<var>${text_split}</var>
<arg>${words}</arg>
<arg>1</arg>
<doc>Returns the value specified with an ``index`` from ``list``.</doc>
<msg timestamp="20241217 16:39:07.768" level="INFO">${text_split} =  mentor@rahulshettyacademy.com with below templ</msg>
<status status="PASS" starttime="20241217 16:39:07.768" endtime="20241217 16:39:07.768"/>
</kw>
<kw name="Split String" library="String">
<var>@{words}</var>
<arg>${text_split}</arg>
<doc>Splits the ``string`` using ``separator`` as a delimiter string.</doc>
<msg timestamp="20241217 16:39:07.769" level="INFO">@{words} = [ mentor@rahulshettyacademy.com | with | below | templ ]</msg>
<status status="PASS" starttime="20241217 16:39:07.769" endtime="20241217 16:39:07.769"/>
</kw>
<kw name="Get From List" library="Collections">
<var>${email}</var>
<arg>${words}</arg>
<arg>0</arg>
<doc>Returns the value specified with an ``index`` from ``list``.</doc>
<msg timestamp="20241217 16:39:07.769" level="INFO">${email} = mentor@rahulshettyacademy.com</msg>
<status status="PASS" starttime="20241217 16:39:07.769" endtime="20241217 16:39:07.769"/>
</kw>
<kw name="Log" library="BuiltIn">
<arg>${email}</arg>
<doc>Logs the given message with the given level.</doc>
<msg timestamp="20241217 16:39:07.769" level="INFO">mentor@rahulshettyacademy.com</msg>
<status status="PASS" starttime="20241217 16:39:07.769" endtime="20241217 16:39:07.769"/>
</kw>
<kw name="Set Global Variable" library="BuiltIn">
<arg>${email}</arg>
<doc>Makes a variable available globally in all tests and suites.</doc>
<msg timestamp="20241217 16:39:07.770" level="INFO">${email} = mentor@rahulshettyacademy.com</msg>
<status status="PASS" starttime="20241217 16:39:07.769" endtime="20241217 16:39:07.770"/>
</kw>
<status status="PASS" starttime="20241217 16:39:07.751" endtime="20241217 16:39:07.770"/>
</kw>
<kw name="Switch to Parent window and enter the Email">
<kw name="Switch Window" library="SeleniumLibrary">
<arg>MAIN</arg>
<doc>Switches to browser window matching ``locator``.</doc>
<status status="PASS" starttime="20241217 16:39:07.770" endtime="20241217 16:39:07.777"/>
</kw>
<kw name="Title Should Be" library="SeleniumLibrary">
<arg>LoginPage Practise | Rahul Shetty Academy</arg>
<doc>Verifies that the current page title equals ``title``.</doc>
<msg timestamp="20241217 16:39:07.782" level="INFO">Page title is 'LoginPage Practise | Rahul Shetty Academy'.</msg>
<status status="PASS" starttime="20241217 16:39:07.777" endtime="20241217 16:39:07.782"/>
</kw>
<kw name="Input Text" library="SeleniumLibrary">
<arg>id:username</arg>
<arg>${email}</arg>
<doc>Types the given ``text`` into the text field identified by ``locator``.</doc>
<msg timestamp="20241217 16:39:07.784" level="INFO">Typing text 'mentor@rahulshettyacademy.com' into text field 'id:username'.</msg>
<status status="PASS" starttime="20241217 16:39:07.783" endtime="20241217 16:39:07.856"/>
</kw>
<kw name="Sleep" library="BuiltIn">
<arg>5s</arg>
<doc>Pauses the test executed for the given time.</doc>
<msg timestamp="20241217 16:39:12.858" level="INFO">Slept 5 seconds</msg>
<status status="PASS" starttime="20241217 16:39:07.857" endtime="20241217 16:39:12.858"/>
</kw>
<status status="PASS" starttime="20241217 16:39:07.770" endtime="20241217 16:39:12.859"/>
</kw>
<kw name="Close Browser" library="SeleniumLibrary" type="TEARDOWN">
<doc>Closes the current browser.</doc>
<status status="PASS" starttime="20241217 16:39:12.859" endtime="20241217 16:39:12.920"/>
</kw>
<tag>SMOKE</tag>
<status status="PASS" starttime="20241217 16:39:03.348" endtime="20241217 16:39:12.920"/>
</test>
<doc>To validate the Login Form</doc>
<status status="PASS" starttime="20241217 16:39:03.228" endtime="20241217 16:39:12.921"/>
</suite>
<suite id="s1-s4" name="Testdemo4" source="/home/rabik/Desktop/Robot Testing/tests/testdemo4.robot">
<test id="s1-s4-t1" name="Invalid username" line="12">
<kw name="Validate Unsuccessful Login">
<arg>dsahed</arg>
<arg>learning</arg>
<kw name="Open the browser with url">
<kw name="Create Webdriver" library="SeleniumLibrary">
<arg>Chrome</arg>
<doc>Creates an instance of Selenium WebDriver.</doc>
<msg timestamp="20241217 16:39:03.326" level="INFO">Creating an instance of the Chrome WebDriver.</msg>
<status status="PASS" starttime="20241217 16:39:03.325" endtime="20241217 16:39:04.930"/>
</kw>
<kw name="Go To" library="SeleniumLibrary">
<arg>https://rahulshettyacademy.com/loginpagePractise/</arg>
<doc>Navigates the current browser window to the provided ``url``.</doc>
<msg timestamp="20241217 16:39:04.931" level="INFO">Opening url 'https://rahulshettyacademy.com/loginpagePractise/'</msg>
<status status="PASS" starttime="20241217 16:39:04.931" endtime="20241217 16:39:05.407"/>
</kw>
<status status="PASS" starttime="20241217 16:39:03.325" endtime="20241217 16:39:05.408"/>
</kw>
<kw name="Fill the login form">
<arg>${username}</arg>
<arg>${password}</arg>
<kw name="Input Text" library="SeleniumLibrary">
<arg>id:username</arg>
<arg>${username}</arg>
<doc>Types the given ``text`` into the text field identified by ``locator``.</doc>
<msg timestamp="20241217 16:39:05.411" level="INFO">Typing text 'dsahed' into text field 'id:username'.</msg>
<status status="PASS" starttime="20241217 16:39:05.409" endtime="20241217 16:39:05.646"/>
</kw>
<kw name="Input Password" library="SeleniumLibrary">
<arg>id:password</arg>
<arg>${password}</arg>
<doc>Types the given password into the text field identified by ``locator``.</doc>
<msg timestamp="20241217 16:39:05.648" level="INFO">Typing password into text field 'id:password'.</msg>
<msg timestamp="20241217 16:39:05.711" level="INFO">Temporally setting log level to: NONE</msg>
<msg timestamp="20241217 16:39:05.834" level="INFO">Log level changed from NONE to INFO.</msg>
<status status="PASS" starttime="20241217 16:39:05.647" endtime="20241217 16:39:05.834"/>
</kw>
<kw name="Click Button" library="SeleniumLibrary">
<arg>signInBtn</arg>
<doc>Clicks the button identified by ``locator``.</doc>
<msg timestamp="20241217 16:39:05.836" level="INFO">Clicking button 'signInBtn'.</msg>
<status status="PASS" starttime="20241217 16:39:05.835" endtime="20241217 16:39:05.918"/>
</kw>
<status status="PASS" starttime="20241217 16:39:05.408" endtime="20241217 16:39:05.918"/>
</kw>
<kw name="wait until it checks and displays error message">
<kw name="Wait Until Element Is Visible" library="SeleniumLibrary">
<arg>css:.alert-danger</arg>
<doc>Waits until the element ``locator`` is visible.</doc>
<status status="PASS" starttime="20241217 16:39:05.919" endtime="20241217 16:39:08.093"/>
</kw>
<status status="PASS" starttime="20241217 16:39:05.918" endtime="20241217 16:39:08.093"/>
</kw>
<kw name="verify error message is correct">
<kw name="Get Text" library="SeleniumLibrary">
<var>${result}</var>
<arg>${Error_message_login}</arg>
<doc>Returns the text value of the element identified by ``locator``.</doc>
<msg timestamp="20241217 16:39:08.106" level="INFO">${result} = Incorrect username/password.</msg>
<status status="PASS" starttime="20241217 16:39:08.094" endtime="20241217 16:39:08.106"/>
</kw>
<kw name="Should Be Equal As Strings" library="BuiltIn">
<arg>${result}</arg>
<arg>Incorrect username/password.</arg>
<doc>Fails if objects are unequal after converting them to strings.</doc>
<status status="PASS" starttime="20241217 16:39:08.106" endtime="20241217 16:39:08.106"/>
</kw>
<status status="PASS" starttime="20241217 16:39:08.093" endtime="20241217 16:39:08.106"/>
</kw>
<status status="PASS" starttime="20241217 16:39:03.325" endtime="20241217 16:39:08.106"/>
</kw>
<kw name="Close Browser" library="SeleniumLibrary" type="TEARDOWN">
<doc>Closes the current browser.</doc>
<status status="PASS" starttime="20241217 16:39:08.107" endtime="20241217 16:39:08.167"/>
</kw>
<status status="PASS" starttime="20241217 16:39:03.324" endtime="20241217 16:39:08.167"/>
</test>
<test id="s1-s4-t2" name="Invalid password" line="13">
<kw name="Validate Unsuccessful Login">
<arg>rahulshetty</arg>
<arg>ploudfg</arg>
<kw name="Open the browser with url">
<kw name="Create Webdriver" library="SeleniumLibrary">
<arg>Chrome</arg>
<doc>Creates an instance of Selenium WebDriver.</doc>
<msg timestamp="20241217 16:39:08.169" level="INFO">Creating an instance of the Chrome WebDriver.</msg>
<status status="PASS" starttime="20241217 16:39:08.169" endtime="20241217 16:39:08.683"/>
</kw>
<kw name="Go To" library="SeleniumLibrary">
<arg>https://rahulshettyacademy.com/loginpagePractise/</arg>
<doc>Navigates the current browser window to the provided ``url``.</doc>
<msg timestamp="20241217 16:39:08.684" level="INFO">Opening url 'https://rahulshettyacademy.com/loginpagePractise/'</msg>
<status status="PASS" starttime="20241217 16:39:08.684" endtime="20241217 16:39:09.096"/>
</kw>
<status status="PASS" starttime="20241217 16:39:08.169" endtime="20241217 16:39:09.097"/>
</kw>
<kw name="Fill the login form">
<arg>${username}</arg>
<arg>${password}</arg>
<kw name="Input Text" library="SeleniumLibrary">
<arg>id:username</arg>
<arg>${username}</arg>
<doc>Types the given ``text`` into the text field identified by ``locator``.</doc>
<msg timestamp="20241217 16:39:09.100" level="INFO">Typing text 'rahulshetty' into text field 'id:username'.</msg>
<status status="PASS" starttime="20241217 16:39:09.099" endtime="20241217 16:39:09.239"/>
</kw>
<kw name="Input Password" library="SeleniumLibrary">
<arg>id:password</arg>
<arg>${password}</arg>
<doc>Types the given password into the text field identified by ``locator``.</doc>
<msg timestamp="20241217 16:39:09.241" level="INFO">Typing password into text field 'id:password'.</msg>
<msg timestamp="20241217 16:39:09.287" level="INFO">Temporally setting log level to: NONE</msg>
<msg timestamp="20241217 16:39:09.339" level="INFO">Log level changed from NONE to INFO.</msg>
<status status="PASS" starttime="20241217 16:39:09.240" endtime="20241217 16:39:09.339"/>
</kw>
<kw name="Click Button" library="SeleniumLibrary">
<arg>signInBtn</arg>
<doc>Clicks the button identified by ``locator``.</doc>
<msg timestamp="20241217 16:39:09.340" level="INFO">Clicking button 'signInBtn'.</msg>
<status status="PASS" starttime="20241217 16:39:09.340" endtime="20241217 16:39:09.389"/>
</kw>
<status status="PASS" starttime="20241217 16:39:09.098" endtime="20241217 16:39:09.390"/>
</kw>
<kw name="wait until it checks and displays error message">
<kw name="Wait Until Element Is Visible" library="SeleniumLibrary">
<arg>css:.alert-danger</arg>
<doc>Waits until the element ``locator`` is visible.</doc>
<status status="PASS" starttime="20241217 16:39:09.390" endtime="20241217 16:39:11.530"/>
</kw>
<status status="PASS" starttime="20241217 16:39:09.390" endtime="20241217 16:39:11.530"/>
</kw>
<kw name="verify error message is correct">
<kw name="Get Text" library="SeleniumLibrary">
<var>${result}</var>
<arg>${Error_message_login}</arg>
<doc>Returns the text value of the element identified by ``locator``.</doc>
<msg timestamp="20241217 16:39:11.549" level="INFO">${result} = Incorrect username/password.</msg>
<status status="PASS" starttime="20241217 16:39:11.531" endtime="20241217 16:39:11.549"/>
</kw>
<kw name="Should Be Equal As Strings" library="BuiltIn">
<arg>${result}</arg>
<arg>Incorrect username/password.</arg>
<doc>Fails if objects are unequal after converting them to strings.</doc>
<status status="PASS" starttime="20241217 16:39:11.550" endtime="20241217 16:39:11.550"/>
</kw>
<status status="PASS" starttime="20241217 16:39:11.531" endtime="20241217 16:39:11.551"/>
</kw>
<status status="PASS" starttime="20241217 16:39:08.168" endtime="20241217 16:39:11.551"/>
</kw>
<kw name="Close Browser" library="SeleniumLibrary" type="TEARDOWN">
<doc>Closes the current browser.</doc>
<status status="PASS" starttime="20241217 16:39:11.552" endtime="20241217 16:39:11.617"/>
</kw>
<status status="PASS" starttime="20241217 16:39:08.168" endtime="20241217 16:39:11.617"/>
</test>
<test id="s1-s4-t3" name="Invaid dubbai" line="14">
<kw name="Validate Unsuccessful Login">
<arg>asdas</arg>
<arg>asdasd</arg>
<kw name="Open the browser with url">
<kw name="Create Webdriver" library="SeleniumLibrary">
<arg>Chrome</arg>
<doc>Creates an instance of Selenium WebDriver.</doc>
<msg timestamp="20241217 16:39:11.619" level="INFO">Creating an instance of the Chrome WebDriver.</msg>
<status status="PASS" starttime="20241217 16:39:11.619" endtime="20241217 16:39:12.248"/>
</kw>
<kw name="Go To" library="SeleniumLibrary">
<arg>https://rahulshettyacademy.com/loginpagePractise/</arg>
<doc>Navigates the current browser window to the provided ``url``.</doc>
<msg timestamp="20241217 16:39:12.250" level="INFO">Opening url 'https://rahulshettyacademy.com/loginpagePractise/'</msg>
<status status="PASS" starttime="20241217 16:39:12.249" endtime="20241217 16:39:12.555"/>
</kw>
<status status="PASS" starttime="20241217 16:39:11.619" endtime="20241217 16:39:12.555"/>
</kw>
<kw name="Fill the login form">
<arg>${username}</arg>
<arg>${password}</arg>
<kw name="Input Text" library="SeleniumLibrary">
<arg>id:username</arg>
<arg>${username}</arg>
<doc>Types the given ``text`` into the text field identified by ``locator``.</doc>
<msg timestamp="20241217 16:39:12.556" level="INFO">Typing text 'asdas' into text field 'id:username'.</msg>
<status status="PASS" starttime="20241217 16:39:12.556" endtime="20241217 16:39:12.640"/>
</kw>
<kw name="Input Password" library="SeleniumLibrary">
<arg>id:password</arg>
<arg>${password}</arg>
<doc>Types the given password into the text field identified by ``locator``.</doc>
<msg timestamp="20241217 16:39:12.641" level="INFO">Typing password into text field 'id:password'.</msg>
<msg timestamp="20241217 16:39:12.672" level="INFO">Temporally setting log level to: NONE</msg>
<msg timestamp="20241217 16:39:12.705" level="INFO">Log level changed from NONE to INFO.</msg>
<status status="PASS" starttime="20241217 16:39:12.640" endtime="20241217 16:39:12.705"/>
</kw>
<kw name="Click Button" library="SeleniumLibrary">
<arg>signInBtn</arg>
<doc>Clicks the button identified by ``locator``.</doc>
<msg timestamp="20241217 16:39:12.706" level="INFO">Clicking button 'signInBtn'.</msg>
<status status="PASS" starttime="20241217 16:39:12.705" endtime="20241217 16:39:12.766"/>
</kw>
<status status="PASS" starttime="20241217 16:39:12.555" endtime="20241217 16:39:12.766"/>
</kw>
<kw name="wait until it checks and displays error message">
<kw name="Wait Until Element Is Visible" library="SeleniumLibrary">
<arg>css:.alert-danger</arg>
<doc>Waits until the element ``locator`` is visible.</doc>
<status status="PASS" starttime="20241217 16:39:12.767" endtime="20241217 16:39:14.911"/>
</kw>
<status status="PASS" starttime="20241217 16:39:12.766" endtime="20241217 16:39:14.912"/>
</kw>
<kw name="verify error message is correct">
<kw name="Get Text" library="SeleniumLibrary">
<var>${result}</var>
<arg>${Error_message_login}</arg>
<doc>Returns the text value of the element identified by ``locator``.</doc>
<msg timestamp="20241217 16:39:14.924" level="INFO">${result} = Incorrect username/password.</msg>
<status status="PASS" starttime="20241217 16:39:14.912" endtime="20241217 16:39:14.924"/>
</kw>
<kw name="Should Be Equal As Strings" library="BuiltIn">
<arg>${result}</arg>
<arg>Incorrect username/password.</arg>
<doc>Fails if objects are unequal after converting them to strings.</doc>
<status status="PASS" starttime="20241217 16:39:14.924" endtime="20241217 16:39:14.924"/>
</kw>
<status status="PASS" starttime="20241217 16:39:14.912" endtime="20241217 16:39:14.924"/>
</kw>
<status status="PASS" starttime="20241217 16:39:11.618" endtime="20241217 16:39:14.925"/>
</kw>
<kw name="Close Browser" library="SeleniumLibrary" type="TEARDOWN">
<doc>Closes the current browser.</doc>
<status status="PASS" starttime="20241217 16:39:14.925" endtime="20241217 16:39:14.983"/>
</kw>
<status status="PASS" starttime="20241217 16:39:11.618" endtime="20241217 16:39:14.983"/>
</test>
<doc>To validate the Login Form</doc>
<status status="PASS" starttime="20241217 16:39:03.224" endtime="20241217 16:39:14.984"/>
</suite>
<suite id="s1-s5" name="Testdemo5" source="/home/rabik/Desktop/Robot Testing/tests/testdemo5.robot">
<test id="s1-s5-t1" name="Invalid username" line="12">
<kw name="Validate Unsuccessful Login">
<arg>xyasdz</arg>
<arg>12asd3</arg>
<kw name="Open the browser with url">
<kw name="Create Webdriver" library="SeleniumLibrary">
<arg>Chrome</arg>
<doc>Creates an instance of Selenium WebDriver.</doc>
<msg timestamp="20241217 16:39:03.354" level="INFO">Creating an instance of the Chrome WebDriver.</msg>
<status status="PASS" starttime="20241217 16:39:03.354" endtime="20241217 16:39:06.074"/>
</kw>
<kw name="Go To" library="SeleniumLibrary">
<arg>https://rahulshettyacademy.com/loginpagePractise/</arg>
<doc>Navigates the current browser window to the provided ``url``.</doc>
<msg timestamp="20241217 16:39:06.075" level="INFO">Opening url 'https://rahulshettyacademy.com/loginpagePractise/'</msg>
<status status="PASS" starttime="20241217 16:39:06.074" endtime="20241217 16:39:06.421"/>
</kw>
<status status="PASS" starttime="20241217 16:39:03.353" endtime="20241217 16:39:06.422"/>
</kw>
<kw name="Fill the login form">
<arg>${username}</arg>
<arg>${password}</arg>
<kw name="Input Text" library="SeleniumLibrary">
<arg>id:username</arg>
<arg>${username}</arg>
<doc>Types the given ``text`` into the text field identified by ``locator``.</doc>
<msg timestamp="20241217 16:39:06.424" level="INFO">Typing text 'xyasdz' into text field 'id:username'.</msg>
<status status="PASS" starttime="20241217 16:39:06.423" endtime="20241217 16:39:06.516"/>
</kw>
<kw name="Input Password" library="SeleniumLibrary">
<arg>id:password</arg>
<arg>${password}</arg>
<doc>Types the given password into the text field identified by ``locator``.</doc>
<msg timestamp="20241217 16:39:06.518" level="INFO">Typing password into text field 'id:password'.</msg>
<msg timestamp="20241217 16:39:06.573" level="INFO">Temporally setting log level to: NONE</msg>
<msg timestamp="20241217 16:39:06.620" level="INFO">Log level changed from NONE to INFO.</msg>
<status status="PASS" starttime="20241217 16:39:06.517" endtime="20241217 16:39:06.620"/>
</kw>
<kw name="Click Button" library="SeleniumLibrary">
<arg>signInBtn</arg>
<doc>Clicks the button identified by ``locator``.</doc>
<msg timestamp="20241217 16:39:06.622" level="INFO">Clicking button 'signInBtn'.</msg>
<status status="PASS" starttime="20241217 16:39:06.621" endtime="20241217 16:39:06.673"/>
</kw>
<status status="PASS" starttime="20241217 16:39:06.422" endtime="20241217 16:39:06.673"/>
</kw>
<kw name="wait until it checks and displays error message">
<kw name="Wait Until Element Is Visible" library="SeleniumLibrary">
<arg>css:.alert-danger</arg>
<doc>Waits until the element ``locator`` is visible.</doc>
<status status="PASS" starttime="20241217 16:39:06.675" endtime="20241217 16:39:08.842"/>
</kw>
<status status="PASS" starttime="20241217 16:39:06.674" endtime="20241217 16:39:08.842"/>
</kw>
<kw name="verify error message is correct">
<kw name="Get Text" library="SeleniumLibrary">
<var>${result}</var>
<arg>${Error_message_login}</arg>
<doc>Returns the text value of the element identified by ``locator``.</doc>
<msg timestamp="20241217 16:39:08.872" level="INFO">${result} = Incorrect username/password.</msg>
<status status="PASS" starttime="20241217 16:39:08.844" endtime="20241217 16:39:08.873"/>
</kw>
<kw name="Should Be Equal As Strings" library="BuiltIn">
<arg>${result}</arg>
<arg>Incorrect username/password.</arg>
<doc>Fails if objects are unequal after converting them to strings.</doc>
<status status="PASS" starttime="20241217 16:39:08.873" endtime="20241217 16:39:08.874"/>
</kw>
<status status="PASS" starttime="20241217 16:39:08.843" endtime="20241217 16:39:08.875"/>
</kw>
<status status="PASS" starttime="20241217 16:39:03.353" endtime="20241217 16:39:08.875"/>
</kw>
<kw name="Close Browser" library="SeleniumLibrary" type="TEARDOWN">
<doc>Closes the current browser.</doc>
<status status="PASS" starttime="20241217 16:39:08.876" endtime="20241217 16:39:08.946"/>
</kw>
<status status="PASS" starttime="20241217 16:39:03.351" endtime="20241217 16:39:08.946"/>
</test>
<test id="s1-s5-t2" name="Invalid password" line="12">
<kw name="Validate Unsuccessful Login">
<arg>rahulshetty</arg>
<arg>wrongpassword</arg>
<kw name="Open the browser with url">
<kw name="Create Webdriver" library="SeleniumLibrary">
<arg>Chrome</arg>
<doc>Creates an instance of Selenium WebDriver.</doc>
<msg timestamp="20241217 16:39:08.952" level="INFO">Creating an instance of the Chrome WebDriver.</msg>
<status status="PASS" starttime="20241217 16:39:08.951" endtime="20241217 16:39:09.603"/>
</kw>
<kw name="Go To" library="SeleniumLibrary">
<arg>https://rahulshettyacademy.com/loginpagePractise/</arg>
<doc>Navigates the current browser window to the provided ``url``.</doc>
<msg timestamp="20241217 16:39:09.604" level="INFO">Opening url 'https://rahulshettyacademy.com/loginpagePractise/'</msg>
<status status="PASS" starttime="20241217 16:39:09.604" endtime="20241217 16:39:09.880"/>
</kw>
<status status="PASS" starttime="20241217 16:39:08.950" endtime="20241217 16:39:09.881"/>
</kw>
<kw name="Fill the login form">
<arg>${username}</arg>
<arg>${password}</arg>
<kw name="Input Text" library="SeleniumLibrary">
<arg>id:username</arg>
<arg>${username}</arg>
<doc>Types the given ``text`` into the text field identified by ``locator``.</doc>
<msg timestamp="20241217 16:39:09.882" level="INFO">Typing text 'rahulshetty' into text field 'id:username'.</msg>
<status status="PASS" starttime="20241217 16:39:09.882" endtime="20241217 16:39:09.947"/>
</kw>
<kw name="Input Password" library="SeleniumLibrary">
<arg>id:password</arg>
<arg>${password}</arg>
<doc>Types the given password into the text field identified by ``locator``.</doc>
<msg timestamp="20241217 16:39:09.948" level="INFO">Typing password into text field 'id:password'.</msg>
<msg timestamp="20241217 16:39:09.970" level="INFO">Temporally setting log level to: NONE</msg>
<msg timestamp="20241217 16:39:10.006" level="INFO">Log level changed from NONE to INFO.</msg>
<status status="PASS" starttime="20241217 16:39:09.947" endtime="20241217 16:39:10.006"/>
</kw>
<kw name="Click Button" library="SeleniumLibrary">
<arg>signInBtn</arg>
<doc>Clicks the button identified by ``locator``.</doc>
<msg timestamp="20241217 16:39:10.007" level="INFO">Clicking button 'signInBtn'.</msg>
<status status="PASS" starttime="20241217 16:39:10.007" endtime="20241217 16:39:10.058"/>
</kw>
<status status="PASS" starttime="20241217 16:39:09.881" endtime="20241217 16:39:10.058"/>
</kw>
<kw name="wait until it checks and displays error message">
<kw name="Wait Until Element Is Visible" library="SeleniumLibrary">
<arg>css:.alert-danger</arg>
<doc>Waits until the element ``locator`` is visible.</doc>
<status status="PASS" starttime="20241217 16:39:10.059" endtime="20241217 16:39:12.210"/>
</kw>
<status status="PASS" starttime="20241217 16:39:10.059" endtime="20241217 16:39:12.211"/>
</kw>
<kw name="verify error message is correct">
<kw name="Get Text" library="SeleniumLibrary">
<var>${result}</var>
<arg>${Error_message_login}</arg>
<doc>Returns the text value of the element identified by ``locator``.</doc>
<msg timestamp="20241217 16:39:12.241" level="INFO">${result} = Incorrect username/password.</msg>
<status status="PASS" starttime="20241217 16:39:12.212" endtime="20241217 16:39:12.241"/>
</kw>
<kw name="Should Be Equal As Strings" library="BuiltIn">
<arg>${result}</arg>
<arg>Incorrect username/password.</arg>
<doc>Fails if objects are unequal after converting them to strings.</doc>
<status status="PASS" starttime="20241217 16:39:12.241" endtime="20241217 16:39:12.242"/>
</kw>
<status status="PASS" starttime="20241217 16:39:12.211" endtime="20241217 16:39:12.242"/>
</kw>
<status status="PASS" starttime="20241217 16:39:08.949" endtime="20241217 16:39:12.242"/>
</kw>
<kw name="Close Browser" library="SeleniumLibrary" type="TEARDOWN">
<doc>Closes the current browser.</doc>
<status status="PASS" starttime="20241217 16:39:12.243" endtime="20241217 16:39:12.304"/>
</kw>
<status status="PASS" starttime="20241217 16:39:08.947" endtime="20241217 16:39:12.304"/>
</test>
<test id="s1-s5-t3" name="Login with user rahulshettyacademy and password learninga" line="12">
<kw name="Validate Unsuccessful Login">
<arg>rahulshettyacademy</arg>
<arg>learninga</arg>
<kw name="Open the browser with url">
<kw name="Create Webdriver" library="SeleniumLibrary">
<arg>Chrome</arg>
<doc>Creates an instance of Selenium WebDriver.</doc>
<msg timestamp="20241217 16:39:12.308" level="INFO">Creating an instance of the Chrome WebDriver.</msg>
<status status="PASS" starttime="20241217 16:39:12.307" endtime="20241217 16:39:12.860"/>
</kw>
<kw name="Go To" library="SeleniumLibrary">
<arg>https://rahulshettyacademy.com/loginpagePractise/</arg>
<doc>Navigates the current browser window to the provided ``url``.</doc>
<msg timestamp="20241217 16:39:12.861" level="INFO">Opening url 'https://rahulshettyacademy.com/loginpagePractise/'</msg>
<status status="PASS" starttime="20241217 16:39:12.861" endtime="20241217 16:39:13.163"/>
</kw>
<status status="PASS" starttime="20241217 16:39:12.307" endtime="20241217 16:39:13.164"/>
</kw>
<kw name="Fill the login form">
<arg>${username}</arg>
<arg>${password}</arg>
<kw name="Input Text" library="SeleniumLibrary">
<arg>id:username</arg>
<arg>${username}</arg>
<doc>Types the given ``text`` into the text field identified by ``locator``.</doc>
<msg timestamp="20241217 16:39:13.166" level="INFO">Typing text 'rahulshettyacademy' into text field 'id:username'.</msg>
<status status="PASS" starttime="20241217 16:39:13.165" endtime="20241217 16:39:13.274"/>
</kw>
<kw name="Input Password" library="SeleniumLibrary">
<arg>id:password</arg>
<arg>${password}</arg>
<doc>Types the given password into the text field identified by ``locator``.</doc>
<msg timestamp="20241217 16:39:13.275" level="INFO">Typing password into text field 'id:password'.</msg>
<msg timestamp="20241217 16:39:13.309" level="INFO">Temporally setting log level to: NONE</msg>
<msg timestamp="20241217 16:39:13.340" level="INFO">Log level changed from NONE to INFO.</msg>
<status status="PASS" starttime="20241217 16:39:13.274" endtime="20241217 16:39:13.340"/>
</kw>
<kw name="Click Button" library="SeleniumLibrary">
<arg>signInBtn</arg>
<doc>Clicks the button identified by ``locator``.</doc>
<msg timestamp="20241217 16:39:13.341" level="INFO">Clicking button 'signInBtn'.</msg>
<status status="PASS" starttime="20241217 16:39:13.340" endtime="20241217 16:39:13.381"/>
</kw>
<status status="PASS" starttime="20241217 16:39:13.164" endtime="20241217 16:39:13.381"/>
</kw>
<kw name="wait until it checks and displays error message">
<kw name="Wait Until Element Is Visible" library="SeleniumLibrary">
<arg>css:.alert-danger</arg>
<doc>Waits until the element ``locator`` is visible.</doc>
<status status="PASS" starttime="20241217 16:39:13.382" endtime="20241217 16:39:15.519"/>
</kw>
<status status="PASS" starttime="20241217 16:39:13.382" endtime="20241217 16:39:15.520"/>
</kw>
<kw name="verify error message is correct">
<kw name="Get Text" library="SeleniumLibrary">
<var>${result}</var>
<arg>${Error_message_login}</arg>
<doc>Returns the text value of the element identified by ``locator``.</doc>
<msg timestamp="20241217 16:39:15.535" level="INFO">${result} = Incorrect username/password.</msg>
<status status="PASS" starttime="20241217 16:39:15.521" endtime="20241217 16:39:15.535"/>
</kw>
<kw name="Should Be Equal As Strings" library="BuiltIn">
<arg>${result}</arg>
<arg>Incorrect username/password.</arg>
<doc>Fails if objects are unequal after converting them to strings.</doc>
<status status="PASS" starttime="20241217 16:39:15.535" endtime="20241217 16:39:15.535"/>
</kw>
<status status="PASS" starttime="20241217 16:39:15.520" endtime="20241217 16:39:15.536"/>
</kw>
<status status="PASS" starttime="20241217 16:39:12.306" endtime="20241217 16:39:15.536"/>
</kw>
<kw name="Close Browser" library="SeleniumLibrary" type="TEARDOWN">
<doc>Closes the current browser.</doc>
<status status="PASS" starttime="20241217 16:39:15.536" endtime="20241217 16:39:15.593"/>
</kw>
<status status="PASS" starttime="20241217 16:39:12.305" endtime="20241217 16:39:15.593"/>
</test>
<doc>To validate the Login Form</doc>
<status status="PASS" starttime="20241217 16:39:03.230" endtime="20241217 16:39:15.594"/>
</suite>
<suite id="s1-s6" name="Testdemo6" source="/home/rabik/Desktop/Robot Testing/tests/testdemo6.robot">
<test id="s1-s6-t1" name="Validate Cards display in the Shopping page" line="21">
<kw name="Open chosen browser with url" library="resource" type="SETUP">
<arg>Firefox</arg>
<kw name="Create Webdriver" library="SeleniumLibrary">
<arg>${browser_name}</arg>
<doc>Creates an instance of Selenium WebDriver.</doc>
<msg timestamp="20241217 16:39:03.343" level="INFO">Creating an instance of the Firefox WebDriver.</msg>
<status status="PASS" starttime="20241217 16:39:03.343" endtime="20241217 16:39:04.972"/>
</kw>
<kw name="Maximize Browser Window" library="SeleniumLibrary">
<doc>Maximizes current browser window.</doc>
<status status="PASS" starttime="20241217 16:39:04.973" endtime="20241217 16:39:05.240"/>
</kw>
<kw name="Go To" library="SeleniumLibrary">
<arg>${url}</arg>
<doc>Navigates the current browser window to the provided ``url``.</doc>
<msg timestamp="20241217 16:39:05.241" level="INFO">Opening url 'https://rahulshettyacademy.com/loginpagePractise/'</msg>
<status status="PASS" starttime="20241217 16:39:05.240" endtime="20241217 16:39:05.906"/>
</kw>
<status status="PASS" starttime="20241217 16:39:03.342" endtime="20241217 16:39:05.907"/>
</kw>
<kw name="Fill the login form" library="LandingPage">
<arg>${user_name}</arg>
<arg>${valid_password}</arg>
<kw name="Input Text" library="SeleniumLibrary">
<arg>id:username</arg>
<arg>${username}</arg>
<doc>Types the given ``text`` into the text field identified by ``locator``.</doc>
<msg timestamp="20241217 16:39:05.913" level="INFO">Typing text 'rahulshettyacademy' into text field 'id:username'.</msg>
<status status="PASS" starttime="20241217 16:39:05.909" endtime="20241217 16:39:06.050"/>
</kw>
<kw name="Input Password" library="SeleniumLibrary">
<arg>id:password</arg>
<arg>${password}</arg>
<doc>Types the given password into the text field identified by ``locator``.</doc>
<msg timestamp="20241217 16:39:06.055" level="INFO">Typing password into text field 'id:password'.</msg>
<msg timestamp="20241217 16:39:06.093" level="INFO">Temporally setting log level to: NONE</msg>
<msg timestamp="20241217 16:39:06.103" level="INFO">Log level changed from NONE to INFO.</msg>
<status status="PASS" starttime="20241217 16:39:06.052" endtime="20241217 16:39:06.103"/>
</kw>
<kw name="Click Button" library="SeleniumLibrary">
<arg>signInBtn</arg>
<doc>Clicks the button identified by ``locator``.</doc>
<msg timestamp="20241217 16:39:06.105" level="INFO">Clicking button 'signInBtn'.</msg>
<status status="PASS" starttime="20241217 16:39:06.104" endtime="20241217 16:39:06.350"/>
</kw>
<status status="PASS" starttime="20241217 16:39:05.907" endtime="20241217 16:39:06.350"/>
</kw>
<kw name="Wait Until Element Is Seen" library="Shop">
<kw name="Wait Until Element Is Visible" library="SeleniumLibrary">
<arg>${Shop_page_load}</arg>
<doc>Waits until the element ``locator`` is visible.</doc>
<status status="PASS" starttime="20241217 16:39:06.351" endtime="20241217 16:39:08.819"/>
</kw>
<status status="PASS" starttime="20241217 16:39:06.350" endtime="20241217 16:39:08.819"/>
</kw>
<kw name="Verify Card titles in the Shop page" library="Shop">
<kw name="Create List" library="BuiltIn">
<var>@{expectedList}</var>
<arg>iphone X</arg>
<arg>Samsung Note 8</arg>
<arg>Nokia Edge</arg>
<arg>Blackberry</arg>
<doc>Returns a list containing given items.</doc>
<msg timestamp="20241217 16:39:08.822" level="INFO">@{expectedList} = [ iphone X | Samsung Note 8 | Nokia Edge | Blackberry ]</msg>
<status status="PASS" starttime="20241217 16:39:08.821" endtime="20241217 16:39:08.822"/>
</kw>
<kw name="Create List" library="BuiltIn">
<var>@{actualList}</var>
<doc>Returns a list containing given items.</doc>
<msg timestamp="20241217 16:39:08.823" level="INFO">@{actualList} = [ ]</msg>
<status status="PASS" starttime="20241217 16:39:08.822" endtime="20241217 16:39:08.823"/>
</kw>
<kw name="Get WebElements" library="SeleniumLibrary">
<var>${elements}</var>
<arg>css:.card-title</arg>
<doc>Returns a list of WebElement objects matching the ``locator``.</doc>
<msg timestamp="20241217 16:39:08.831" level="INFO">${elements} = [&lt;selenium.webdriver.remote.webelement.WebElement (session="efdef1bd-7d50-4038-a0e2-734d07eb83cf", element="e65a0592-5397-4ad9-9529-0c4c15a46d51")&gt;, &lt;selenium.webdriver.remote.webelement.WebElement (s...</msg>
<status status="PASS" starttime="20241217 16:39:08.823" endtime="20241217 16:39:08.831"/>
</kw>
<for flavor="IN">
<var>${element}</var>
<value>@{elements}</value>
<iter>
<var name="${element}">&lt;selenium.webdriver.remote.webelement.WebElement (session="efdef1bd-7d50-4038-a0e2-734d07eb83cf", element="e65a0592-5397-4ad9-9529-0c4c15a46d51")&gt;</var>
<kw name="Log" library="BuiltIn">
<arg>${element.text}</arg>
<doc>Logs the given message with the given level.</doc>
<msg timestamp="20241217 16:39:08.851" level="INFO">iphone X</msg>
<status status="PASS" starttime="20241217 16:39:08.833" endtime="20241217 16:39:08.851"/>
</kw>
<kw name="Append To List" library="Collections">
<arg>${actualList}</arg>
<arg>${element.text}</arg>
<doc>Adds ``values`` to the end of ``list``.</doc>
<status status="PASS" starttime="20241217 16:39:08.852" endtime="20241217 16:39:08.870"/>
</kw>
<status status="PASS" starttime="20241217 16:39:08.833" endtime="20241217 16:39:08.871"/>
</iter>
<iter>
<var name="${element}">&lt;selenium.webdriver.remote.webelement.WebElement (session="efdef1bd-7d50-4038-a0e2-734d07eb83cf", element="74d0267c-39d3-432a-8f51-2861467c4e78")&gt;</var>
<kw name="Log" library="BuiltIn">
<arg>${element.text}</arg>
<doc>Logs the given message with the given level.</doc>
<msg timestamp="20241217 16:39:08.889" level="INFO">Samsung Note 8</msg>
<status status="PASS" starttime="20241217 16:39:08.872" endtime="20241217 16:39:08.890"/>
</kw>
<kw name="Append To List" library="Collections">
<arg>${actualList}</arg>
<arg>${element.text}</arg>
<doc>Adds ``values`` to the end of ``list``.</doc>
<status status="PASS" starttime="20241217 16:39:08.890" endtime="20241217 16:39:08.917"/>
</kw>
<status status="PASS" starttime="20241217 16:39:08.871" endtime="20241217 16:39:08.917"/>
</iter>
<iter>
<var name="${element}">&lt;selenium.webdriver.remote.webelement.WebElement (session="efdef1bd-7d50-4038-a0e2-734d07eb83cf", element="2ee33aea-7ee4-4e96-be3a-12e74184ace9")&gt;</var>
<kw name="Log" library="BuiltIn">
<arg>${element.text}</arg>
<doc>Logs the given message with the given level.</doc>
<msg timestamp="20241217 16:39:08.947" level="INFO">Nokia Edge</msg>
<status status="PASS" starttime="20241217 16:39:08.919" endtime="20241217 16:39:08.947"/>
</kw>
<kw name="Append To List" library="Collections">
<arg>${actualList}</arg>
<arg>${element.text}</arg>
<doc>Adds ``values`` to the end of ``list``.</doc>
<status status="PASS" starttime="20241217 16:39:08.947" endtime="20241217 16:39:08.969"/>
</kw>
<status status="PASS" starttime="20241217 16:39:08.918" endtime="20241217 16:39:08.969"/>
</iter>
<iter>
<var name="${element}">&lt;selenium.webdriver.remote.webelement.WebElement (session="efdef1bd-7d50-4038-a0e2-734d07eb83cf", element="bf4256ba-c071-467b-908c-eb80b235627c")&gt;</var>
<kw name="Log" library="BuiltIn">
<arg>${element.text}</arg>
<doc>Logs the given message with the given level.</doc>
<msg timestamp="20241217 16:39:08.991" level="INFO">Blackberry</msg>
<status status="PASS" starttime="20241217 16:39:08.970" endtime="20241217 16:39:08.991"/>
</kw>
<kw name="Append To List" library="Collections">
<arg>${actualList}</arg>
<arg>${element.text}</arg>
<doc>Adds ``values`` to the end of ``list``.</doc>
<status status="PASS" starttime="20241217 16:39:08.992" endtime="20241217 16:39:09.011"/>
</kw>
<status status="PASS" starttime="20241217 16:39:08.970" endtime="20241217 16:39:09.011"/>
</iter>
<status status="PASS" starttime="20241217 16:39:08.832" endtime="20241217 16:39:09.012"/>
</for>
<kw name="Lists Should Be Equal" library="Collections">
<arg>${expectedList}</arg>
<arg>${actualList}</arg>
<doc>Fails if given lists are unequal.</doc>
<status status="PASS" starttime="20241217 16:39:09.012" endtime="20241217 16:39:09.014"/>
</kw>
<status status="PASS" starttime="20241217 16:39:08.820" endtime="20241217 16:39:09.014"/>
</kw>
<kw name="Hello World" library="Shop">
<msg timestamp="20241217 16:39:09.015" level="INFO">hello</msg>
<status status="PASS" starttime="20241217 16:39:09.015" endtime="20241217 16:39:09.016"/>
</kw>
<kw name="Add Items To Cart And Checkout" library="Shop">
<arg>${listofproducts}</arg>
<msg timestamp="20241217 16:39:09.046" level="INFO">Clicking button 'xpath:(//*[@class='card-footer'])[1]/button'.</msg>
<msg timestamp="20241217 16:39:09.326" level="INFO">Clicking button 'xpath:(//*[@class='card-footer'])[3]/button'.</msg>
<msg timestamp="20241217 16:39:09.553" level="INFO">Clicking button 'xpath:(//*[@class='card-footer'])[4]/button'.</msg>
<msg timestamp="20241217 16:39:09.767" level="INFO">Clicking link 'css:li.active a'.</msg>
<status status="PASS" starttime="20241217 16:39:09.016" endtime="20241217 16:39:09.983"/>
</kw>
<kw name="Verify items in the Checkout Page and proceed" library="CheckoutPage">
<kw name="Click Element" library="SeleniumLibrary">
<arg>css:.btn-success</arg>
<doc>Click the element identified by ``locator``.</doc>
<msg timestamp="20241217 16:39:09.985" level="INFO">Clicking element 'css:.btn-success'.</msg>
<status status="PASS" starttime="20241217 16:39:09.984" endtime="20241217 16:39:10.236"/>
</kw>
<status status="PASS" starttime="20241217 16:39:09.984" endtime="20241217 16:39:10.236"/>
</kw>
<kw name="Enter the Country" library="ConfirmationPage">
<arg>${country_name}</arg>
<kw name="Input Text" library="SeleniumLibrary">
<arg>id:country</arg>
<arg>${country_name}</arg>
<doc>Types the given ``text`` into the text field identified by ``locator``.</doc>
<msg timestamp="20241217 16:39:10.237" level="INFO">Typing text 'India' into text field 'id:country'.</msg>
<status status="PASS" starttime="20241217 16:39:10.237" endtime="20241217 16:39:10.252"/>
</kw>
<kw name="Sleep" library="BuiltIn">
<arg>5</arg>
<doc>Pauses the test executed for the given time.</doc>
<msg timestamp="20241217 16:39:15.253" level="INFO">Slept 5 seconds</msg>
<status status="PASS" starttime="20241217 16:39:10.253" endtime="20241217 16:39:15.254"/>
</kw>
<kw name="Wait until element is located in the page" library="resource">
<arg>//a[text()='${country_name}']</arg>
<kw name="Wait Until Element Is Visible" library="SeleniumLibrary">
<arg>${page_locator}</arg>
<doc>Waits until the element ``locator`` is visible.</doc>
<status status="PASS" starttime="20241217 16:39:15.255" endtime="20241217 16:39:15.266"/>
</kw>
<status status="PASS" starttime="20241217 16:39:15.254" endtime="20241217 16:39:15.266"/>
</kw>
<kw name="Click Element" library="SeleniumLibrary">
<arg>//a[text()='${country_name}']</arg>
<doc>Click the element identified by ``locator``.</doc>
<msg timestamp="20241217 16:39:15.267" level="INFO">Clicking element '//a[text()='India']'.</msg>
<status status="PASS" starttime="20241217 16:39:15.267" endtime="20241217 16:39:15.479"/>
</kw>
<kw name="Click Element" library="SeleniumLibrary">
<arg>css:.checkbox label</arg>
<doc>Click the element identified by ``locator``.</doc>
<msg timestamp="20241217 16:39:15.480" level="INFO">Clicking element 'css:.checkbox label'.</msg>
<status status="PASS" starttime="20241217 16:39:15.479" endtime="20241217 16:39:15.688"/>
</kw>
<status status="PASS" starttime="20241217 16:39:10.236" endtime="20241217 16:39:15.689"/>
</kw>
<kw name="Purchase the Product" library="ConfirmationPage">
<kw name="Click Button" library="SeleniumLibrary">
<arg>css:.btn-success</arg>
<doc>Clicks the button identified by ``locator``.</doc>
<msg timestamp="20241217 16:39:15.689" level="INFO">Clicking button 'css:.btn-success'.</msg>
<status status="PASS" starttime="20241217 16:39:15.689" endtime="20241217 16:39:15.911"/>
</kw>
<kw name="Page Should Contain" library="SeleniumLibrary">
<arg>Success!</arg>
<doc>Verifies that current page contains ``text``.</doc>
<msg timestamp="20241217 16:39:15.920" level="INFO">Current page contains text 'Success!'.</msg>
<status status="PASS" starttime="20241217 16:39:15.911" endtime="20241217 16:39:15.920"/>
</kw>
<status status="PASS" starttime="20241217 16:39:15.689" endtime="20241217 16:39:15.920"/>
</kw>
<kw name="Sleep" library="BuiltIn">
<arg>5s</arg>
<doc>Pauses the test executed for the given time.</doc>
<msg timestamp="20241217 16:39:20.921" level="INFO">Slept 5 seconds</msg>
<status status="PASS" starttime="20241217 16:39:15.921" endtime="20241217 16:39:20.921"/>
</kw>
<kw name="Close Browser Session" library="resource" type="TEARDOWN">
<kw name="Close Browser" library="SeleniumLibrary">
<doc>Closes the current browser.</doc>
<status status="PASS" starttime="20241217 16:39:20.922" endtime="20241217 16:39:21.436"/>
</kw>
<status status="PASS" starttime="20241217 16:39:20.922" endtime="20241217 16:39:21.437"/>
</kw>
<tag>REGRESSION</tag>
<status status="PASS" starttime="20241217 16:39:03.342" endtime="20241217 16:39:21.437"/>
</test>
<doc>To validate the Login Form</doc>
<status status="PASS" starttime="20241217 16:39:03.223" endtime="20241217 16:39:21.439"/>
</suite>
<doc>[https://pabot.org/?ref=log|Pabot] result from 6 executions.</doc>
<status status="PASS" starttime="20241217 16:39:03.212" endtime="20241217 16:39:21.440"/>
</suite>
<statistics>
<total>
<stat pass="12" fail="0" skip="0">All Tests</stat>
</total>
<tag>
<stat pass="1" fail="0" skip="0">REGRESSION</stat>
<stat pass="2" fail="0" skip="0">SMOKE</stat>
</tag>
<suite>
<stat pass="12" fail="0" skip="0" id="s1" name="Tests">Tests</stat>
<stat pass="1" fail="0" skip="0" id="s1-s1" name="Testdemo1">Tests.Testdemo1</stat>
<stat pass="3" fail="0" skip="0" id="s1-s2" name="Testdemo2">Tests.Testdemo2</stat>
<stat pass="1" fail="0" skip="0" id="s1-s3" name="Testdemo3">Tests.Testdemo3</stat>
<stat pass="3" fail="0" skip="0" id="s1-s4" name="Testdemo4">Tests.Testdemo4</stat>
<stat pass="3" fail="0" skip="0" id="s1-s5" name="Testdemo5">Tests.Testdemo5</stat>
<stat pass="1" fail="0" skip="0" id="s1-s6" name="Testdemo6">Tests.Testdemo6</stat>
</suite>
</statistics>
<errors>
</errors>
</robot>
