<?xml version="1.0" encoding="UTF-8"?>
<robot generator="Robot 6.1 (Python 3.10.12 on linux)" generated="20241217 16:39:03.214" rpa="false" schemaversion="4">
<suite id="s1" name="Tests" source="/home/rabik/Desktop/Robot Testing/tests">
<suite id="s1-s1" name="Testdemo3" source="/home/rabik/Desktop/Robot Testing/tests/testdemo3.robot">
<test id="s1-s1-t1" name="Validate Child window Functionality" line="15">
<kw name="Open the browser with url" library="resource" type="SETUP">
<kw name="Create Webdriver" library="SeleniumLibrary">
<arg>Chrome</arg>
<doc>Creates an instance of Selenium WebDriver.</doc>
<msg timestamp="20241217 16:39:03.349" level="INFO">Creating an instance of the Chrome WebDriver.</msg>
<status status="PASS" starttime="20241217 16:39:03.349" endtime="20241217 16:39:06.071"/>
</kw>
<kw name="Maximize Browser Window" library="SeleniumLibrary">
<doc>Maximizes current browser window.</doc>
<status status="PASS" starttime="20241217 16:39:06.071" endtime="20241217 16:39:06.107"/>
</kw>
<kw name="Go To" library="SeleniumLibrary">
<arg>${url}</arg>
<doc>Navigates the current browser window to the provided ``url``.</doc>
<msg timestamp="20241217 16:39:06.108" level="INFO">Opening url 'https://rahulshettyacademy.com/loginpagePractise/'</msg>
<status status="PASS" starttime="20241217 16:39:06.108" endtime="20241217 16:39:06.449"/>
</kw>
<status status="PASS" starttime="20241217 16:39:03.348" endtime="20241217 16:39:06.450"/>
</kw>
<kw name="Select the link of Child window">
<kw name="Click Element" library="SeleniumLibrary">
<arg>xpath:(//*[@class='blinkingText'])[1]</arg>
<doc>Click the element identified by ``locator``.</doc>
<msg timestamp="20241217 16:39:06.455" level="INFO">Clicking element 'xpath:(//*[@class='blinkingText'])[1]'.</msg>
<status status="PASS" starttime="20241217 16:39:06.451" endtime="20241217 16:39:06.526"/>
</kw>
<status status="PASS" starttime="20241217 16:39:06.450" endtime="20241217 16:39:06.526"/>
</kw>
<kw name="Verify the user is Switched to Child window">
<kw name="Switch Window" library="SeleniumLibrary">
<arg>NEW</arg>
<doc>Switches to browser window matching ``locator``.</doc>
<status status="PASS" starttime="20241217 16:39:06.527" endtime="20241217 16:39:06.553"/>
</kw>
<kw name="Element Text Should Be" library="SeleniumLibrary">
<arg>css:h1</arg>
<arg>DOCUMENTS REQUEST</arg>
<doc>Verifies that element ``locator`` contains exact the text ``expected``.</doc>
<msg timestamp="20241217 16:39:06.555" level="INFO">Verifying element 'css:h1' contains exact text 'DOCUMENTS REQUEST'.</msg>
<status status="PASS" starttime="20241217 16:39:06.553" endtime="20241217 16:39:07.751"/>
</kw>
<status status="PASS" starttime="20241217 16:39:06.527" endtime="20241217 16:39:07.751"/>
</kw>
<kw name="Grab the Email id in the Child Window">
<kw name="Get Text" library="SeleniumLibrary">
<var>${text}</var>
<arg>css:.red</arg>
<doc>Returns the text value of the element identified by ``locator``.</doc>
<msg timestamp="20241217 16:39:07.767" level="INFO">${text} = Please email us at mentor@rahulshettyacademy.com with below template to receive response</msg>
<status status="PASS" starttime="20241217 16:39:07.752" endtime="20241217 16:39:07.767"/>
</kw>
<kw name="Split String" library="String">
<var>@{words}</var>
<arg>${text}</arg>
<arg>at</arg>
<doc>Splits the ``string`` using ``separator`` as a delimiter string.</doc>
<msg timestamp="20241217 16:39:07.768" level="INFO">@{words} = [ Please email us  |  mentor@rahulshettyacademy.com with below templ | e to receive response ]</msg>
<status status="PASS" starttime="20241217 16:39:07.768" endtime="20241217 16:39:07.768"/>
</kw>
<kw name="Get From List" library="Collections">
<var>${text_split}</var>
<arg>${words}</arg>
<arg>1</arg>
<doc>Returns the value specified with an ``index`` from ``list``.</doc>
<msg timestamp="20241217 16:39:07.768" level="INFO">${text_split} =  mentor@rahulshettyacademy.com with below templ</msg>
<status status="PASS" starttime="20241217 16:39:07.768" endtime="20241217 16:39:07.768"/>
</kw>
<kw name="Split String" library="String">
<var>@{words}</var>
<arg>${text_split}</arg>
<doc>Splits the ``string`` using ``separator`` as a delimiter string.</doc>
<msg timestamp="20241217 16:39:07.769" level="INFO">@{words} = [ mentor@rahulshettyacademy.com | with | below | templ ]</msg>
<status status="PASS" starttime="20241217 16:39:07.769" endtime="20241217 16:39:07.769"/>
</kw>
<kw name="Get From List" library="Collections">
<var>${email}</var>
<arg>${words}</arg>
<arg>0</arg>
<doc>Returns the value specified with an ``index`` from ``list``.</doc>
<msg timestamp="20241217 16:39:07.769" level="INFO">${email} = mentor@rahulshettyacademy.com</msg>
<status status="PASS" starttime="20241217 16:39:07.769" endtime="20241217 16:39:07.769"/>
</kw>
<kw name="Log" library="BuiltIn">
<arg>${email}</arg>
<doc>Logs the given message with the given level.</doc>
<msg timestamp="20241217 16:39:07.769" level="INFO">mentor@rahulshettyacademy.com</msg>
<status status="PASS" starttime="20241217 16:39:07.769" endtime="20241217 16:39:07.769"/>
</kw>
<kw name="Set Global Variable" library="BuiltIn">
<arg>${email}</arg>
<doc>Makes a variable available globally in all tests and suites.</doc>
<msg timestamp="20241217 16:39:07.770" level="INFO">${email} = mentor@rahulshettyacademy.com</msg>
<status status="PASS" starttime="20241217 16:39:07.769" endtime="20241217 16:39:07.770"/>
</kw>
<status status="PASS" starttime="20241217 16:39:07.751" endtime="20241217 16:39:07.770"/>
</kw>
<kw name="Switch to Parent window and enter the Email">
<kw name="Switch Window" library="SeleniumLibrary">
<arg>MAIN</arg>
<doc>Switches to browser window matching ``locator``.</doc>
<status status="PASS" starttime="20241217 16:39:07.770" endtime="20241217 16:39:07.777"/>
</kw>
<kw name="Title Should Be" library="SeleniumLibrary">
<arg>LoginPage Practise | Rahul Shetty Academy</arg>
<doc>Verifies that the current page title equals ``title``.</doc>
<msg timestamp="20241217 16:39:07.782" level="INFO">Page title is 'LoginPage Practise | Rahul Shetty Academy'.</msg>
<status status="PASS" starttime="20241217 16:39:07.777" endtime="20241217 16:39:07.782"/>
</kw>
<kw name="Input Text" library="SeleniumLibrary">
<arg>id:username</arg>
<arg>${email}</arg>
<doc>Types the given ``text`` into the text field identified by ``locator``.</doc>
<msg timestamp="20241217 16:39:07.784" level="INFO">Typing text 'mentor@rahulshettyacademy.com' into text field 'id:username'.</msg>
<status status="PASS" starttime="20241217 16:39:07.783" endtime="20241217 16:39:07.856"/>
</kw>
<kw name="Sleep" library="BuiltIn">
<arg>5s</arg>
<doc>Pauses the test executed for the given time.</doc>
<msg timestamp="20241217 16:39:12.858" level="INFO">Slept 5 seconds</msg>
<status status="PASS" starttime="20241217 16:39:07.857" endtime="20241217 16:39:12.858"/>
</kw>
<status status="PASS" starttime="20241217 16:39:07.770" endtime="20241217 16:39:12.859"/>
</kw>
<kw name="Close Browser" library="SeleniumLibrary" type="TEARDOWN">
<doc>Closes the current browser.</doc>
<status status="PASS" starttime="20241217 16:39:12.859" endtime="20241217 16:39:12.920"/>
</kw>
<tag>SMOKE</tag>
<status status="PASS" starttime="20241217 16:39:03.348" endtime="20241217 16:39:12.920"/>
</test>
<doc>To validate the Login Form</doc>
<status status="PASS" starttime="20241217 16:39:03.228" endtime="20241217 16:39:12.921"/>
</suite>
<status status="PASS" starttime="20241217 16:39:03.217" endtime="20241217 16:39:12.922"/>
</suite>
<statistics>
<total>
<stat pass="1" fail="0" skip="0">All Tests</stat>
</total>
<tag>
<stat pass="1" fail="0" skip="0">SMOKE</stat>
</tag>
<suite>
<stat pass="1" fail="0" skip="0" id="s1" name="Tests">Tests</stat>
<stat pass="1" fail="0" skip="0" id="s1-s1" name="Testdemo3">Tests.Testdemo3</stat>
</suite>
</statistics>
<errors>
</errors>
</robot>
