<?xml version="1.0" encoding="UTF-8"?>
<robot generator="Robot 6.1 (Python 3.10.12 on linux)" generated="20241217 16:39:03.211" rpa="false" schemaversion="4">
<suite id="s1" name="Tests" source="/home/rabik/Desktop/Robot Testing/tests">
<suite id="s1-s1" name="Testdemo4" source="/home/rabik/Desktop/Robot Testing/tests/testdemo4.robot">
<test id="s1-s1-t1" name="Invalid username" line="12">
<kw name="Validate Unsuccessful Login">
<arg>dsahed</arg>
<arg>learning</arg>
<kw name="Open the browser with url">
<kw name="Create Webdriver" library="SeleniumLibrary">
<arg>Chrome</arg>
<doc>Creates an instance of Selenium WebDriver.</doc>
<msg timestamp="20241217 16:39:03.326" level="INFO">Creating an instance of the Chrome WebDriver.</msg>
<status status="PASS" starttime="20241217 16:39:03.325" endtime="20241217 16:39:04.930"/>
</kw>
<kw name="Go To" library="SeleniumLibrary">
<arg>https://rahulshettyacademy.com/loginpagePractise/</arg>
<doc>Navigates the current browser window to the provided ``url``.</doc>
<msg timestamp="20241217 16:39:04.931" level="INFO">Opening url 'https://rahulshettyacademy.com/loginpagePractise/'</msg>
<status status="PASS" starttime="20241217 16:39:04.931" endtime="20241217 16:39:05.407"/>
</kw>
<status status="PASS" starttime="20241217 16:39:03.325" endtime="20241217 16:39:05.408"/>
</kw>
<kw name="Fill the login form">
<arg>${username}</arg>
<arg>${password}</arg>
<kw name="Input Text" library="SeleniumLibrary">
<arg>id:username</arg>
<arg>${username}</arg>
<doc>Types the given ``text`` into the text field identified by ``locator``.</doc>
<msg timestamp="20241217 16:39:05.411" level="INFO">Typing text 'dsahed' into text field 'id:username'.</msg>
<status status="PASS" starttime="20241217 16:39:05.409" endtime="20241217 16:39:05.646"/>
</kw>
<kw name="Input Password" library="SeleniumLibrary">
<arg>id:password</arg>
<arg>${password}</arg>
<doc>Types the given password into the text field identified by ``locator``.</doc>
<msg timestamp="20241217 16:39:05.648" level="INFO">Typing password into text field 'id:password'.</msg>
<msg timestamp="20241217 16:39:05.711" level="INFO">Temporally setting log level to: NONE</msg>
<msg timestamp="20241217 16:39:05.834" level="INFO">Log level changed from NONE to INFO.</msg>
<status status="PASS" starttime="20241217 16:39:05.647" endtime="20241217 16:39:05.834"/>
</kw>
<kw name="Click Button" library="SeleniumLibrary">
<arg>signInBtn</arg>
<doc>Clicks the button identified by ``locator``.</doc>
<msg timestamp="20241217 16:39:05.836" level="INFO">Clicking button 'signInBtn'.</msg>
<status status="PASS" starttime="20241217 16:39:05.835" endtime="20241217 16:39:05.918"/>
</kw>
<status status="PASS" starttime="20241217 16:39:05.408" endtime="20241217 16:39:05.918"/>
</kw>
<kw name="wait until it checks and displays error message">
<kw name="Wait Until Element Is Visible" library="SeleniumLibrary">
<arg>css:.alert-danger</arg>
<doc>Waits until the element ``locator`` is visible.</doc>
<status status="PASS" starttime="20241217 16:39:05.919" endtime="20241217 16:39:08.093"/>
</kw>
<status status="PASS" starttime="20241217 16:39:05.918" endtime="20241217 16:39:08.093"/>
</kw>
<kw name="verify error message is correct">
<kw name="Get Text" library="SeleniumLibrary">
<var>${result}</var>
<arg>${Error_message_login}</arg>
<doc>Returns the text value of the element identified by ``locator``.</doc>
<msg timestamp="20241217 16:39:08.106" level="INFO">${result} = Incorrect username/password.</msg>
<status status="PASS" starttime="20241217 16:39:08.094" endtime="20241217 16:39:08.106"/>
</kw>
<kw name="Should Be Equal As Strings" library="BuiltIn">
<arg>${result}</arg>
<arg>Incorrect username/password.</arg>
<doc>Fails if objects are unequal after converting them to strings.</doc>
<status status="PASS" starttime="20241217 16:39:08.106" endtime="20241217 16:39:08.106"/>
</kw>
<status status="PASS" starttime="20241217 16:39:08.093" endtime="20241217 16:39:08.106"/>
</kw>
<status status="PASS" starttime="20241217 16:39:03.325" endtime="20241217 16:39:08.106"/>
</kw>
<kw name="Close Browser" library="SeleniumLibrary" type="TEARDOWN">
<doc>Closes the current browser.</doc>
<status status="PASS" starttime="20241217 16:39:08.107" endtime="20241217 16:39:08.167"/>
</kw>
<status status="PASS" starttime="20241217 16:39:03.324" endtime="20241217 16:39:08.167"/>
</test>
<test id="s1-s1-t2" name="Invalid password" line="13">
<kw name="Validate Unsuccessful Login">
<arg>rahulshetty</arg>
<arg>ploudfg</arg>
<kw name="Open the browser with url">
<kw name="Create Webdriver" library="SeleniumLibrary">
<arg>Chrome</arg>
<doc>Creates an instance of Selenium WebDriver.</doc>
<msg timestamp="20241217 16:39:08.169" level="INFO">Creating an instance of the Chrome WebDriver.</msg>
<status status="PASS" starttime="20241217 16:39:08.169" endtime="20241217 16:39:08.683"/>
</kw>
<kw name="Go To" library="SeleniumLibrary">
<arg>https://rahulshettyacademy.com/loginpagePractise/</arg>
<doc>Navigates the current browser window to the provided ``url``.</doc>
<msg timestamp="20241217 16:39:08.684" level="INFO">Opening url 'https://rahulshettyacademy.com/loginpagePractise/'</msg>
<status status="PASS" starttime="20241217 16:39:08.684" endtime="20241217 16:39:09.096"/>
</kw>
<status status="PASS" starttime="20241217 16:39:08.169" endtime="20241217 16:39:09.097"/>
</kw>
<kw name="Fill the login form">
<arg>${username}</arg>
<arg>${password}</arg>
<kw name="Input Text" library="SeleniumLibrary">
<arg>id:username</arg>
<arg>${username}</arg>
<doc>Types the given ``text`` into the text field identified by ``locator``.</doc>
<msg timestamp="20241217 16:39:09.100" level="INFO">Typing text 'rahulshetty' into text field 'id:username'.</msg>
<status status="PASS" starttime="20241217 16:39:09.099" endtime="20241217 16:39:09.239"/>
</kw>
<kw name="Input Password" library="SeleniumLibrary">
<arg>id:password</arg>
<arg>${password}</arg>
<doc>Types the given password into the text field identified by ``locator``.</doc>
<msg timestamp="20241217 16:39:09.241" level="INFO">Typing password into text field 'id:password'.</msg>
<msg timestamp="20241217 16:39:09.287" level="INFO">Temporally setting log level to: NONE</msg>
<msg timestamp="20241217 16:39:09.339" level="INFO">Log level changed from NONE to INFO.</msg>
<status status="PASS" starttime="20241217 16:39:09.240" endtime="20241217 16:39:09.339"/>
</kw>
<kw name="Click Button" library="SeleniumLibrary">
<arg>signInBtn</arg>
<doc>Clicks the button identified by ``locator``.</doc>
<msg timestamp="20241217 16:39:09.340" level="INFO">Clicking button 'signInBtn'.</msg>
<status status="PASS" starttime="20241217 16:39:09.340" endtime="20241217 16:39:09.389"/>
</kw>
<status status="PASS" starttime="20241217 16:39:09.098" endtime="20241217 16:39:09.390"/>
</kw>
<kw name="wait until it checks and displays error message">
<kw name="Wait Until Element Is Visible" library="SeleniumLibrary">
<arg>css:.alert-danger</arg>
<doc>Waits until the element ``locator`` is visible.</doc>
<status status="PASS" starttime="20241217 16:39:09.390" endtime="20241217 16:39:11.530"/>
</kw>
<status status="PASS" starttime="20241217 16:39:09.390" endtime="20241217 16:39:11.530"/>
</kw>
<kw name="verify error message is correct">
<kw name="Get Text" library="SeleniumLibrary">
<var>${result}</var>
<arg>${Error_message_login}</arg>
<doc>Returns the text value of the element identified by ``locator``.</doc>
<msg timestamp="20241217 16:39:11.549" level="INFO">${result} = Incorrect username/password.</msg>
<status status="PASS" starttime="20241217 16:39:11.531" endtime="20241217 16:39:11.549"/>
</kw>
<kw name="Should Be Equal As Strings" library="BuiltIn">
<arg>${result}</arg>
<arg>Incorrect username/password.</arg>
<doc>Fails if objects are unequal after converting them to strings.</doc>
<status status="PASS" starttime="20241217 16:39:11.550" endtime="20241217 16:39:11.550"/>
</kw>
<status status="PASS" starttime="20241217 16:39:11.531" endtime="20241217 16:39:11.551"/>
</kw>
<status status="PASS" starttime="20241217 16:39:08.168" endtime="20241217 16:39:11.551"/>
</kw>
<kw name="Close Browser" library="SeleniumLibrary" type="TEARDOWN">
<doc>Closes the current browser.</doc>
<status status="PASS" starttime="20241217 16:39:11.552" endtime="20241217 16:39:11.617"/>
</kw>
<status status="PASS" starttime="20241217 16:39:08.168" endtime="20241217 16:39:11.617"/>
</test>
<test id="s1-s1-t3" name="Invaid dubbai" line="14">
<kw name="Validate Unsuccessful Login">
<arg>asdas</arg>
<arg>asdasd</arg>
<kw name="Open the browser with url">
<kw name="Create Webdriver" library="SeleniumLibrary">
<arg>Chrome</arg>
<doc>Creates an instance of Selenium WebDriver.</doc>
<msg timestamp="20241217 16:39:11.619" level="INFO">Creating an instance of the Chrome WebDriver.</msg>
<status status="PASS" starttime="20241217 16:39:11.619" endtime="20241217 16:39:12.248"/>
</kw>
<kw name="Go To" library="SeleniumLibrary">
<arg>https://rahulshettyacademy.com/loginpagePractise/</arg>
<doc>Navigates the current browser window to the provided ``url``.</doc>
<msg timestamp="20241217 16:39:12.250" level="INFO">Opening url 'https://rahulshettyacademy.com/loginpagePractise/'</msg>
<status status="PASS" starttime="20241217 16:39:12.249" endtime="20241217 16:39:12.555"/>
</kw>
<status status="PASS" starttime="20241217 16:39:11.619" endtime="20241217 16:39:12.555"/>
</kw>
<kw name="Fill the login form">
<arg>${username}</arg>
<arg>${password}</arg>
<kw name="Input Text" library="SeleniumLibrary">
<arg>id:username</arg>
<arg>${username}</arg>
<doc>Types the given ``text`` into the text field identified by ``locator``.</doc>
<msg timestamp="20241217 16:39:12.556" level="INFO">Typing text 'asdas' into text field 'id:username'.</msg>
<status status="PASS" starttime="20241217 16:39:12.556" endtime="20241217 16:39:12.640"/>
</kw>
<kw name="Input Password" library="SeleniumLibrary">
<arg>id:password</arg>
<arg>${password}</arg>
<doc>Types the given password into the text field identified by ``locator``.</doc>
<msg timestamp="20241217 16:39:12.641" level="INFO">Typing password into text field 'id:password'.</msg>
<msg timestamp="20241217 16:39:12.672" level="INFO">Temporally setting log level to: NONE</msg>
<msg timestamp="20241217 16:39:12.705" level="INFO">Log level changed from NONE to INFO.</msg>
<status status="PASS" starttime="20241217 16:39:12.640" endtime="20241217 16:39:12.705"/>
</kw>
<kw name="Click Button" library="SeleniumLibrary">
<arg>signInBtn</arg>
<doc>Clicks the button identified by ``locator``.</doc>
<msg timestamp="20241217 16:39:12.706" level="INFO">Clicking button 'signInBtn'.</msg>
<status status="PASS" starttime="20241217 16:39:12.705" endtime="20241217 16:39:12.766"/>
</kw>
<status status="PASS" starttime="20241217 16:39:12.555" endtime="20241217 16:39:12.766"/>
</kw>
<kw name="wait until it checks and displays error message">
<kw name="Wait Until Element Is Visible" library="SeleniumLibrary">
<arg>css:.alert-danger</arg>
<doc>Waits until the element ``locator`` is visible.</doc>
<status status="PASS" starttime="20241217 16:39:12.767" endtime="20241217 16:39:14.911"/>
</kw>
<status status="PASS" starttime="20241217 16:39:12.766" endtime="20241217 16:39:14.912"/>
</kw>
<kw name="verify error message is correct">
<kw name="Get Text" library="SeleniumLibrary">
<var>${result}</var>
<arg>${Error_message_login}</arg>
<doc>Returns the text value of the element identified by ``locator``.</doc>
<msg timestamp="20241217 16:39:14.924" level="INFO">${result} = Incorrect username/password.</msg>
<status status="PASS" starttime="20241217 16:39:14.912" endtime="20241217 16:39:14.924"/>
</kw>
<kw name="Should Be Equal As Strings" library="BuiltIn">
<arg>${result}</arg>
<arg>Incorrect username/password.</arg>
<doc>Fails if objects are unequal after converting them to strings.</doc>
<status status="PASS" starttime="20241217 16:39:14.924" endtime="20241217 16:39:14.924"/>
</kw>
<status status="PASS" starttime="20241217 16:39:14.912" endtime="20241217 16:39:14.924"/>
</kw>
<status status="PASS" starttime="20241217 16:39:11.618" endtime="20241217 16:39:14.925"/>
</kw>
<kw name="Close Browser" library="SeleniumLibrary" type="TEARDOWN">
<doc>Closes the current browser.</doc>
<status status="PASS" starttime="20241217 16:39:14.925" endtime="20241217 16:39:14.983"/>
</kw>
<status status="PASS" starttime="20241217 16:39:11.618" endtime="20241217 16:39:14.983"/>
</test>
<doc>To validate the Login Form</doc>
<status status="PASS" starttime="20241217 16:39:03.224" endtime="20241217 16:39:14.984"/>
</suite>
<status status="PASS" starttime="20241217 16:39:03.214" endtime="20241217 16:39:14.985"/>
</suite>
<statistics>
<total>
<stat pass="3" fail="0" skip="0">All Tests</stat>
</total>
<tag>
</tag>
<suite>
<stat pass="3" fail="0" skip="0" id="s1" name="Tests">Tests</stat>
<stat pass="3" fail="0" skip="0" id="s1-s1" name="Testdemo4">Tests.Testdemo4</stat>
</suite>
</statistics>
<errors>
</errors>
</robot>
